100:/home/lucastercas/.luarocks/share/lua/5.4/ansicolors.lua
0 0 0 0 0 0 0 0 0 0 0 0 0 0 0 0 0 0 0 0 0 0 0 0 0 0 12 6 0 6 6 0 6 0 6 0 0 6 6 6 6 6 6 0 0 6 6 6 6 6 6 6 6 0 0 6 6 6 6 6 6 6 6 0 0 6 0 0 6 0 0 0 0 0 0 0 0 0 0 0 0 0 0 6 0 0 0 0 6 0 0 0 0 0 0 0 6 0 0 6 
163:/home/lucastercas/.luarocks/share/lua/5.4/busted/block.lua
0 0 0 0 0 0 0 0 0 0 0 0 0 0 0 4 4 0 4 306 0 306 310 0 4 18 18 324 306 288 0 18 22 0 0 0 0 0 0 4 0 4 70 0 70 52 52 0 0 0 0 70 32 0 70 70 38 0 0 32 32 0 0 0 0 32 0 32 0 32 4 0 4 106 0 106 52 52 0 0 0 0 106 0 106 106 0 0 0 0 106 106 4 0 4 138 138 0 138 138 0 0 0 0 138 0 138 52 0 0 0 138 4 0 4 18 4 0 4 36 32 32 0 40 0 4 36 4 0 4 36 4 0 4 32 0 32 32 32 0 0 0 0 32 0 32 32 0 32 0 0 0 0 32 32 0 0 32 32 0 36 0 4 
65:/home/lucastercas/.luarocks/share/lua/5.4/busted/compatibility.lua
0 0 18 18 18 0 0 32 32 32 0 18 0 0 0 10 10 10 0 0 10 10 10 0 10 10 10 0 0 10 0 0 0 0 0 0 4 0 4 4 0 4 0 0 0 0 0 0 0 0 0 0 0 0 0 0 0 0 0 0 0 0 0 0 4 
124:/home/lucastercas/.luarocks/share/lua/5.4/busted/context.lua
0 0 0 10 380 370 10 10 10 10 10 10 0 0 0 10 380 370 10 954 944 10 10 0 0 0 0 0 0 0 0 0 0 0 0 0 0 0 0 0 0 0 0 0 0 0 0 0 0 0 0 0 0 0 0 0 0 0 50 50 10 40 0 40 0 0 50 50 0 0 50 50 0 0 50 10 0 50 0 0 482 0 0 0 0 0 0 0 0 0 0 0 0 0 0 0 0 0 50 50 50 50 0 0 40 0 0 0 1854 0 0 0 208 208 208 208 208 0 0 208 208 208 208 208 
315:/home/lucastercas/.luarocks/share/lua/5.4/busted/core.lua
0 0 0 0 0 0 0 0 0 0 2 0 0 0 0 0 0 0 0 0 0 0 0 0 0 0 2 2 2 0 0 0 0 0 0 0 4 0 0 0 10 0 0 0 0 0 0 0 0 0 0 0 0 0 0 0 0 0 0 0 0 0 0 0 0 0 0 0 0 42 42 0 42 42 48 44 6 6 0 0 42 42 0 42 42 0 0 0 2 2 2 2 0 2 2 0 0 0 0 0 2 0 0 0 166 0 0 0 124 0 0 0 0 0 0 0 44 0 68 68 10 10 10 10 10 10 0 0 58 34 34 34 34 34 0 0 24 0 0 0 0 0 0 2 2 2 2 2 2 0 0 0 0 0 0 0 0 0 0 0 0 0 0 0 0 0 10 0 10 0 10 0 0 208 208 208 0 416 2 2 2 418 0 208 2 0 0 0 2 0 0 0 0 0 0 0 0 0 0 0 2 0 208 0 208 208 0 0 0 108 108 108 54 54 54 54 54 54 0 216 108 216 108 0 0 0 0 0 0 0 0 0 0 0 0 0 0 0 0 0 0 0 0 0 0 0 0 0 0 0 0 0 0 0 0 0 0 0 50 0 0 0 0 50 0 50 50 40 0 0 0 50 100 0 50 50 0 0 0 0 0 0 50 50 50 50 50 50 50 50 50 50 50 50 0 0 50 0 50 32 0 18 0 50 0 0 0 36 86 50 50 100 50 36 36 
31:/home/lucastercas/.luarocks/share/lua/5.4/busted/environment.lua
0 0 0 0 0 0 0 1644 0 1638 1292 1638 0 0 0 0 0 0 0 0 352 0 0 0 0 0 0 0 0 0 10 
72:/home/lucastercas/.luarocks/share/lua/5.4/busted/execute.lua
4 4 4 0 0 0 0 0 0 0 0 0 4 0 0 4 0 0 4 4 0 0 0 0 0 0 0 0 0 0 0 0 0 0 0 0 0 0 4 0 8 4 0 0 0 0 0 4 0 4 0 0 0 0 4 4 4 4 0 4 4 0 4 0 4 0 0 0 8 0 4 4 
127:/home/lucastercas/.luarocks/share/lua/5.4/busted/init.lua
0 0 0 0 10 10 10 0 10 10 0 0 22 22 22 0 22 22 0 0 18 18 0 18 0 0 0 0 18 0 18 18 18 0 18 0 18 18 18 18 18 0 0 0 0 0 0 18 0 0 18 18 0 0 0 0 0 0 0 0 0 0 0 0 0 0 0 0 0 0 0 0 0 0 0 0 0 0 0 0 0 0 0 0 0 0 0 0 0 0 0 0 0 0 0 0 0 0 0 0 0 0 0 0 0 0 0 0 0 0 0 0 0 0 0 0 0 0 0 0 0 0 0 0 0 0 122 
50:/home/lucastercas/.luarocks/share/lua/5.4/busted/languages/en.lua
4 0 4 0 0 4 4 4 4 0 4 4 4 4 0 4 4 4 4 0 4 4 4 4 0 4 0 4 4 0 0 4 4 4 4 4 4 4 4 4 0 4 4 4 4 4 4 0 4 4 
23:/home/lucastercas/.luarocks/share/lua/5.4/busted/modules/files/lua.lua
4 0 4 0 0 42 42 42 4 0 0 12 4 0 0 12 12 2 0 12 4 0 4 
107:/home/lucastercas/.luarocks/share/lua/5.4/busted/modules/files/moonscript.lua
4 0 8 4 4 0 4 0 0 0 0 0 0 0 0 0 0 4 0 0 0 0 0 0 0 0 0 0 0 0 4 0 0 0 0 0 4 0 0 0 0 0 0 0 0 0 0 0 0 0 0 0 0 0 0 0 0 0 0 0 0 0 0 0 0 0 4 0 4 0 0 0 0 0 0 0 0 0 0 0 4 0 0 0 0 0 0 0 0 0 0 0 4 0 0 0 4 0 0 0 0 0 0 0 4 0 4 
129:/home/lucastercas/.luarocks/share/lua/5.4/busted/modules/filter_loader.lua
0 0 0 18 18 0 52 52 34 34 0 0 18 4 0 0 0 0 4 0 0 40 0 0 0 40 40 4 0 0 18 18 0 0 0 18 18 4 0 0 40 0 0 0 40 40 4 0 0 18 0 0 0 18 18 4 0 0 0 0 0 0 0 0 0 0 0 4 0 0 0 4 0 4 0 0 0 0 0 0 4 0 0 0 4 0 0 32 56 40 16 0 36 0 0 0 0 0 0 0 0 4 0 4 0 0 0 0 0 0 0 0 0 0 0 0 0 0 4 4 4 4 0 0 4 4 4 4 4 
34:/home/lucastercas/.luarocks/share/lua/5.4/busted/modules/output_handler_loader.lua
0 0 0 0 0 0 4 0 4 8 4 0 4 0 0 4 0 8 0 4 0 0 0 4 0 0 0 0 4 0 0 0 4 4 
101:/home/lucastercas/.luarocks/share/lua/5.4/busted/modules/test_file_loader.lua
4 0 0 4 4 4 4 0 12 8 8 4 0 0 4 0 4 0 4 4 4 0 8 132 132 0 0 0 132 252 132 12 0 120 120 8 0 8 12 0 0 12 0 8 0 0 0 0 0 4 4 4 0 0 4 8 4 4 4 4 0 0 0 12 12 12 0 0 4 0 0 4 0 16 12 0 12 20 10 10 10 10 0 0 10 0 4 0 4 0 0 0 0 0 0 0 4 4 0 4 4 
179:/home/lucastercas/.luarocks/share/lua/5.4/busted/outputHandlers/base.lua
0 4 4 4 4 4 4 4 4 4 4 4 0 0 0 54 4 0 0 4 4 0 4 0 0 0 4 4 4 4 4 4 4 4 4 4 8 0 0 20 20 0 54 52 0 34 34 0 0 20 4 0 0 0 20 216 196 160 0 20 20 20 0 20 20 20 20 20 20 20 0 20 0 20 4 0 0 4 0 0 0 4 4 0 0 4 4 4 4 0 0 0 0 0 0 0 0 0 0 0 0 0 4 0 0 4 4 4 4 0 0 18 18 4 0 0 18 0 18 16 16 2 0 0 2 0 2 2 0 0 0 0 0 0 16 0 16 16 16 0 16 0 16 0 0 16 0 16 4 0 0 0 0 0 0 4 0 0 2 2 4 0 0 0 0 0 4 0 0 4 2 2 0 0 4 4 0 4 4 
188:/home/lucastercas/.luarocks/share/lua/5.4/busted/outputHandlers/utfTerminal.lua
4 4 4 0 4 0 4 0 0 0 4 0 0 0 4 4 0 4 4 4 4 0 0 0 0 0 0 0 0 0 0 0 0 0 0 0 0 4 0 0 4 4 4 0 0 0 0 0 0 4 4 0 0 4 4 2 0 0 4 2 4 4 0 2 2 2 4 4 0 0 4 0 0 0 4 4 0 0 4 4 4 4 0 4 4 4 4 4 0 4 0 4 0 0 0 4 2 2 2 0 0 4 4 0 0 0 0 4 2 2 2 0 0 4 0 4 4 4 4 4 4 0 0 18 18 0 18 0 18 2 16 0 0 0 18 18 0 0 18 4 0 0 4 4 4 0 4 4 0 0 4 4 0 4 0 0 4 0 6 2 2 4 0 6 2 2 4 0 4 4 0 0 2 2 0 2 4 0 4 4 4 4 4 4 4 0 4 4 
206:/home/lucastercas/.luarocks/share/lua/5.4/busted/runner.lua
0 0 0 0 0 0 0 0 0 0 0 0 0 0 0 0 0 0 0 0 0 0 0 0 0 0 0 0 0 0 0 0 0 0 0 0 0 0 0 0 0 0 0 0 0 0 0 0 0 0 0 0 0 0 0 0 0 0 0 4 0 0 0 0 0 0 4 0 0 0 0 4 0 0 0 0 0 4 4 0 0 4 4 0 0 0 4 4 0 4 0 0 0 4 4 4 0 8 0 0 4 0 8 0 0 4 0 8 2 2 2 4 0 8 2 2 0 0 0 2 2 4 0 0 4 4 4 0 0 8 4 4 4 4 4 4 4 0 0 0 4 4 0 0 0 0 0 0 0 0 0 0 0 0 0 0 0 0 0 4 0 0 0 0 0 0 0 0 8 4 4 4 4 4 4 4 0 0 4 0 4 4 4 8 4 4 4 4 0 0 0 0 0 0 4 4 8 4 4 4 0 0 4 0 4 4 
41:/home/lucastercas/.luarocks/share/lua/5.4/busted/status.lua
0 244 244 244 244 244 244 244 244 0 244 0 0 0 226 226 366 226 226 226 0 0 0 226 0 0 0 226 0 0 0 18 18 18 0 244 0 0 452 226 262 
35:/home/lucastercas/.luarocks/share/lua/5.4/busted/utils.lua
0 0 0 4 4 20 16 16 0 0 4 0 0 0 0 0 0 0 0 0 0 0 0 0 0 0 4 4 4 4 4 20 16 4 4 
177:/home/lucastercas/.luarocks/share/lua/5.4/luassert/assert.lua
0 0 0 0 0 0 0 0 0 0 0 2 0 2 0 0 2 2 0 0 2 0 0 0 0 0 18 0 18 0 50 32 18 0 18 50 32 14 0 18 0 18 18 18 0 18 2 2 0 0 2 2 0 0 16 0 0 16 0 0 0 0 0 0 0 0 0 0 0 0 0 0 0 0 64 32 32 0 32 0 0 0 0 18 0 0 0 0 0 0 0 0 0 0 0 0 0 0 0 0 0 0 0 0 0 0 0 0 0 0 0 0 0 0 0 0 0 0 0 0 0 2 2 6 4 4 4 4 4 0 0 2 0 0 0 0 0 0 0 16 0 0 0 0 0 0 0 0 0 0 0 0 0 0 0 0 0 0 0 0 0 0 0 0 0 0 0 0 14 0 0 0 14 0 0 0 18 
261:/home/lucastercas/.luarocks/share/lua/5.4/luassert/assertions.lua
0 0 0 0 0 0 0 0 0 0 0 0 0 0 0 0 0 0 18 0 0 18 0 0 0 0 0 0 0 0 0 0 0 0 0 0 0 0 0 0 0 0 0 0 0 0 0 0 0 0 0 0 0 0 0 0 0 0 0 0 0 0 0 0 0 0 0 0 0 0 0 0 0 0 0 0 0 0 0 0 0 0 0 0 0 0 0 0 0 0 0 0 0 0 0 0 0 0 0 0 0 0 0 0 0 0 0 0 0 0 0 0 8 8 8 8 0 8 8 8 0 0 0 6 6 6 6 6 0 6 6 6 6 6 6 0 0 0 0 0 0 0 0 0 0 0 0 0 0 0 0 0 0 0 0 0 0 0 0 0 0 0 0 0 0 0 0 0 0 0 0 0 0 0 0 0 0 0 0 0 0 0 0 0 0 0 0 0 0 0 0 0 0 0 0 0 0 0 0 0 0 0 0 0 0 0 0 0 0 0 0 0 0 0 0 0 0 0 0 0 0 0 0 0 0 0 0 0 0 0 0 0 0 0 0 0 0 0 0 0 0 0 0 0 0 0 0 0 0 0 0 0 0 0 0 0 0 0 4 4 4 
202:/home/lucastercas/.luarocks/share/lua/5.4/luassert/formatters/init.lua
0 0 0 0 8 0 0 0 0 0 0 0 0 0 0 0 0 0 0 0 0 0 0 0 0 0 0 0 56 56 0 0 0 0 0 0 0 0 0 0 0 0 0 0 0 0 0 0 0 0 0 0 0 0 0 0 0 0 0 0 0 0 0 0 0 0 0 0 0 0 0 0 0 0 0 0 0 0 0 0 68 0 0 0 12 12 0 40 28 28 12 0 12 0 0 34 34 34 0 34 34 34 0 0 0 0 0 0 12 0 12 12 0 0 0 4 0 0 0 4 4 4 4 4 4 4 0 4 4 0 0 0 0 0 0 0 0 0 0 0 0 12 0 0 0 12 0 0 0 12 0 0 0 12 12 0 12 12 0 40 28 28 28 0 28 8 20 16 0 0 28 28 28 28 0 0 12 0 12 4 0 4 0 0 0 4 0 0 0 4 0 0 4 0 0 4 0 0 4 0 0 4 
5:/home/lucastercas/.luarocks/share/lua/5.4/luassert/modifiers.lua
0 0 0 0 14 
116:/home/lucastercas/.luarocks/share/lua/5.4/luassert/state.lua
0 0 0 0 0 0 0 0 0 0 0 0 0 0 0 0 0 0 0 0 0 0 0 0 0 0 0 0 0 0 0 0 0 0 0 0 0 0 0 0 0 0 0 0 0 0 0 0 0 0 0 0 0 0 0 0 0 0 0 0 0 0 0 0 0 0 0 0 0 0 0 0 0 0 0 0 0 0 0 0 0 0 0 0 0 0 0 0 4 16 16 16 0 0 0 0 0 0 0 0 0 0 0 0 0 0 0 0 16 16 16 0 0 0 16 16 
283:/home/lucastercas/.luarocks/share/lua/5.4/luassert/util.lua
0 0 39 39 0 39 25 25 0 25 0 0 0 25 0 0 0 25 25 25 25 25 0 0 0 25 0 0 0 25 25 0 54 33 33 0 0 0 33 33 4 4 4 0 21 44 0 0 23 21 0 21 21 0 21 0 0 0 0 0 0 0 0 0 0 0 0 0 0 0 0 0 0 0 0 0 0 0 0 0 0 0 0 0 0 0 0 0 0 0 0 0 0 0 0 0 0 0 0 0 0 0 0 0 0 0 0 0 0 0 0 0 0 0 0 0 0 0 0 0 0 0 0 0 0 0 0 0 0 0 0 0 0 0 0 0 0 0 0 0 0 0 0 0 0 0 0 0 0 0 0 0 0 18 18 18 18 18 18 0 0 0 0 18 18 0 18 0 0 0 0 0 32 14 0 0 18 18 0 0 0 0 0 0 0 0 0 14 14 0 14 0 0 0 0 0 14 0 28 14 0 0 14 14 14 0 0 0 0 0 0 0 0 0 0 0 0 0 0 0 0 0 0 2 0 0 0 0 0 0 0 0 20 20 20 20 40 20 20 20 0 20 20 0 0 0 0 0 0 0 0 18 0 0 18 18 18 50 32 32 0 0 32 32 0 0 0 0 0 0 32 32 32 0 32 0 0 0 18 0 0 0 18 
154:/home/lucastercas/.luarocks/share/lua/5.4/mediator.lua
0 124 0 0 0 124 124 124 124 0 0 0 0 0 124 0 124 124 0 0 0 0 0 100 100 100 100 100 100 0 0 124 124 0 124 0 124 80 80 0 60 0 0 124 0 124 100 0 0 0 0 0 0 0 0 0 0 0 0 100 0 0 0 0 0 0 0 0 100 0 0 100 100 100 0 0 0 100 0 0 556 100 0 0 0 0 0 0 0 0 0 0 0 100 0 0 592 248 0 0 248 0 248 0 248 248 0 0 0 344 228 0 116 0 100 100 0 0 0 0 0 0 0 0 0 0 0 0 0 0 0 290 0 846 556 0 0 290 0 0 0 124 0 0 0 0 0 0 0 0 0 0 0 166 
565:/home/lucastercas/.luarocks/share/lua/5.4/pl/List.lua
0 0 0 0 0 0 0 0 0 0 0 0 0 0 0 0 0 0 0 0 4 4 4 4 4 4 4 0 4 4 0 0 4 4 0 4 0 4 0 0 0 0 0 0 0 0 4 0 0 0 4 0 4 0 4 0 4 0 0 0 0 0 0 4 0 0 0 0 0 0 0 0 0 0 0 0 4 0 0 0 0 4 0 0 0 4 0 0 0 0 4 0 0 4 0 4 0 0 0 0 0 4 0 0 0 4 0 0 0 0 0 0 4 0 0 0 4 0 0 0 0 4 0 4 0 0 0 0 0 4 0 0 0 4 0 0 0 0 0 0 0 4 0 0 0 0 4 0 0 0 0 0 0 4 0 0 0 4 0 4 0 0 0 0 0 0 0 0 4 4 0 0 0 0 4 0 4 0 0 0 0 4 0 0 0 0 0 4 0 0 0 0 4 0 0 0 4 0 0 0 0 4 0 4 0 0 0 4 0 0 0 0 0 0 0 4 0 0 0 0 4 0 0 0 0 0 0 0 4 0 0 0 0 0 0 0 0 4 0 4 0 0 0 4 0 0 4 0 4 0 0 0 0 0 0 0 0 0 0 0 4 0 0 0 0 0 0 0 0 0 0 0 0 0 0 0 4 0 0 4 0 4 0 0 0 0 0 0 0 0 4 0 4 0 0 0 0 0 0 0 4 0 0 0 0 0 0 0 0 4 0 0 0 0 0 0 4 0 0 0 0 0 0 4 0 0 0 0 0 4 0 0 0 0 4 0 0 0 0 0 4 0 0 0 0 0 4 0 0 0 0 0 4 0 0 0 4 0 0 0 0 0 0 4 0 0 0 0 0 0 0 4 0 0 0 0 4 0 4 0 0 0 0 4 0 0 0 0 4 0 0 0 0 0 4 0 0 0 0 4 0 0 0 0 0 4 0 0 0 0 0 4 0 4 0 0 0 0 0 0 4 0 0 4 0 0 0 0 0 0 0 0 4 0 4 0 0 0 0 0 0 4 0 0 4 0 0 0 0 0 0 0 0 4 0 4 0 0 0 0 0 0 0 4 0 0 0 0 0 0 0 4 0 0 0 0 0 4 0 4 0 0 0 0 0 0 0 0 0 0 0 4 0 4 0 0 0 0 0 4 0 4 0 0 0 0 0 0 0 0 4 0 0 0 0 0 0 0 0 0 0 4 0 0 4 0 4 0 0 0 0 0 0 0 4 0 0 0 0 0 0 0 0 0 0 0 0 0 0 0 0 0 0 0 0 0 0 0 0 0 0 4 4 0 4 
218:/home/lucastercas/.luarocks/share/lua/5.4/pl/class.lua
0 0 0 0 0 0 0 0 0 0 0 0 0 0 0 0 0 0 0 0 0 0 0 0 0 0 0 0 0 0 0 0 0 0 0 0 0 0 0 0 0 0 0 0 0 0 0 0 0 0 0 0 0 0 0 0 0 0 0 0 0 0 0 0 0 0 0 0 0 0 0 0 0 0 0 0 0 0 0 0 0 0 0 0 0 0 0 0 0 0 0 0 0 0 0 0 0 0 0 0 0 0 0 0 0 0 0 0 0 0 0 0 0 0 0 0 0 0 0 0 0 0 0 0 0 0 0 0 0 0 4 0 4 4 0 0 0 4 0 0 4 0 0 0 0 0 0 4 0 0 0 4 4 4 4 4 0 0 4 0 0 0 0 0 0 0 0 0 0 0 0 0 0 0 0 0 0 0 0 0 0 0 4 0 0 0 0 0 0 0 0 4 4 4 4 4 0 4 4 0 0 4 0 0 0 0 0 0 0 0 0 0 0 0 0 0 0 4 
524:/home/lucastercas/.luarocks/share/lua/5.4/pl/dir.lua
0 0 0 0 0 0 0 4 4 4 4 4 4 4 4 4 4 4 0 4 4 0 4 0 0 4 4 0 0 4 8 0 0 132 132 4 0 0 0 0 0 0 0 0 0 0 4 0 0 0 4 0 0 0 0 0 0 4 0 0 0 0 0 0 0 0 4 0 0 0 0 0 0 0 0 0 0 0 0 0 0 4 0 0 0 0 0 0 4 0 0 0 0 0 0 0 0 0 0 4 0 0 0 0 0 4 0 0 4 0 4 0 0 0 0 0 0 0 0 0 0 0 0 0 0 4 0 0 0 0 0 0 0 0 0 0 0 0 0 0 0 0 0 0 0 0 0 0 0 0 0 0 0 0 0 0 0 0 0 0 0 0 0 0 0 0 0 0 0 0 0 0 0 0 0 0 0 0 0 0 0 0 0 4 0 0 0 4 0 0 0 0 0 0 0 0 0 0 0 0 0 0 0 0 0 0 0 0 0 0 0 0 0 0 0 0 0 0 0 0 0 0 0 0 0 0 0 0 0 4 0 0 0 0 0 0 0 4 0 0 0 0 4 0 0 0 0 0 0 4 0 0 0 4 0 0 0 0 0 0 0 0 0 0 0 0 0 0 0 0 4 0 0 0 0 0 0 0 0 0 0 0 0 0 0 0 4 0 0 0 0 0 0 0 0 0 0 0 0 0 0 0 0 0 0 0 0 0 0 0 0 0 0 0 0 0 4 0 0 0 0 0 0 0 4 0 0 0 0 0 0 0 0 0 0 0 0 0 0 0 0 0 0 0 0 0 0 0 0 4 0 0 0 4 4 0 0 4 0 0 4 4 0 0 0 0 0 0 0 0 0 0 0 0 0 0 4 0 0 0 0 0 0 4 0 0 0 0 0 8 0 0 0 0 0 0 0 0 0 0 0 0 0 0 4 0 0 0 0 0 0 0 0 0 0 0 0 0 0 0 0 0 0 0 0 0 0 0 0 0 0 0 0 0 0 0 0 0 0 0 0 0 0 0 0 0 4 0 0 0 0 0 0 0 180 180 4 0 0 176 176 176 12 12 0 0 164 140 140 140 140 8 0 140 0 0 0 24 4 0 0 0 0 0 0 4 4 0 4 4 0 0 0 4 0 4 4 0 0 0 0 0 0 0 0 4 4 4 0 4 4 144 140 132 132 132 0 0 4 0 4 4 0 4 
400:/home/lucastercas/.luarocks/share/lua/5.4/pl/path.lua
0 0 0 0 0 0 0 0 0 0 0 0 0 0 0 0 0 0 0 0 0 0 0 0 0 0 0 0 0 0 0 0 0 0 0 0 0 0 0 0 0 0 0 0 0 0 0 0 0 0 0 0 0 0 0 0 0 0 0 0 0 0 0 0 0 0 0 0 0 0 0 0 0 0 0 0 0 0 0 0 0 0 0 0 0 0 0 0 0 0 0 0 0 0 0 0 0 0 0 0 0 0 0 0 0 0 0 0 0 0 0 0 0 0 0 0 0 0 0 0 0 0 148 148 0 0 148 0 0 0 0 0 4 4 0 0 0 0 0 0 0 0 0 0 0 0 0 0 0 0 0 0 0 0 0 0 0 0 140 140 0 0 0 0 0 0 0 0 0 0 0 0 0 0 0 0 0 0 0 0 0 0 0 0 0 3310 0 0 0 0 0 0 0 0 0 0 0 0 0 0 0 0 0 0 0 0 0 0 0 0 0 0 0 0 0 0 0 0 0 0 0 0 0 0 0 0 0 0 0 0 0 0 0 0 218 218 218 3262 3044 3044 0 218 0 0 218 0 0 0 0 0 0 0 0 0 0 0 0 0 0 0 0 0 0 0 0 0 0 0 0 0 0 0 0 0 0 0 0 0 0 0 12 12 12 48 36 0 0 36 36 0 12 0 0 12 0 0 0 0 0 0 0 0 0 0 0 86 86 86 0 0 0 0 0 0 0 0 0 0 132 132 132 0 0 0 0 0 0 0 0 0 0 12 12 12 0 0 0 0 0 0 0 0 0 0 0 0 0 0 0 0 0 0 0 0 0 0 0 0 0 0 0 0 0 0 0 0 0 0 0 0 0 0 0 0 0 0 0 0 0 0 0 0 0 0 0 0 0 0 0 0 0 0 0 0 0 264 264 0 0 264 
889:/home/lucastercas/.luarocks/share/lua/5.4/pl/tablex.lua
0 0 0 0 0 0 0 0 0 0 0 0 0 0 0 0 0 0 0 0 0 8 8 0 0 0 0 0 0 0 0 0 0 0 0 0 0 0 8 0 0 8 0 0 14 0 0 14 0 0 0 0 0 0 0 0 0 0 0 0 0 0 0 0 0 0 0 0 0 0 0 0 0 0 0 0 0 0 0 0 0 0 0 0 0 0 0 0 0 14 14 934 920 14 14 0 0 0 0 0 0 0 0 0 0 0 0 0 0 0 0 0 0 0 0 0 0 0 0 0 0 0 0 0 0 0 0 0 0 0 0 0 0 0 0 0 0 0 0 0 0 0 0 0 0 0 0 0 0 0 0 0 0 0 0 0 0 0 0 0 0 0 0 0 0 0 0 0 0 0 0 0 0 0 0 0 0 0 0 0 0 0 0 0 0 0 0 0 0 0 0 0 0 0 0 0 0 0 0 0 0 0 0 0 0 0 0 0 0 0 0 0 0 0 0 0 0 0 0 0 0 0 0 0 0 0 0 0 0 0 0 0 0 0 0 0 0 0 0 0 0 0 0 0 0 0 0 0 0 0 0 0 0 0 0 0 0 0 0 0 0 0 0 0 0 0 0 0 0 0 0 0 0 0 0 0 0 0 0 0 0 0 0 0 0 0 0 0 0 0 0 0 0 0 0 0 0 0 0 0 0 0 0 0 0 0 0 0 0 0 0 0 0 0 0 0 0 0 0 0 0 0 0 0 0 0 0 0 0 0 0 0 0 0 0 0 0 0 0 0 0 0 0 0 0 0 0 0 0 0 0 0 0 0 0 0 0 0 0 0 0 0 0 0 0 0 0 0 0 0 0 0 0 0 0 0 0 0 0 0 0 0 0 0 0 0 0 0 0 0 0 0 0 0 0 0 0 0 0 0 0 0 0 0 0 0 0 0 0 0 0 0 0 0 0 0 0 0 0 0 0 0 0 0 0 0 0 0 0 0 0 0 0 0 0 0 0 0 0 0 0 0 0 0 0 0 0 0 0 0 0 0 0 0 0 0 0 0 0 0 0 0 0 0 0 0 0 0 0 0 0 0 0 0 0 0 0 0 0 0 0 0 0 0 0 0 0 0 0 0 0 0 0 0 0 0 0 0 0 0 0 0 0 0 0 0 0 0 0 0 0 0 0 0 0 0 0 0 0 0 0 0 0 0 0 0 0 0 0 0 0 0 0 0 0 0 0 0 0 0 0 0 0 0 0 0 0 0 0 0 0 0 0 0 0 0 0 0 0 0 0 0 0 0 0 0 0 0 0 0 0 0 0 0 0 0 0 0 0 0 0 0 0 0 0 0 0 0 0 0 0 0 0 0 0 0 0 0 0 0 0 0 0 0 0 0 0 0 0 0 0 0 0 0 0 0 0 0 0 0 0 0 0 0 0 0 0 0 0 0 0 0 0 0 0 0 0 0 0 0 0 0 0 0 0 0 0 0 0 0 0 0 0 0 0 0 0 0 0 0 0 0 0 0 0 0 0 0 0 0 0 0 0 0 0 0 0 0 0 0 0 0 0 0 0 0 0 0 0 0 0 0 0 0 0 0 0 0 0 0 0 0 0 0 0 0 0 0 0 0 0 0 0 0 0 0 0 0 0 0 0 0 0 0 8 8 8 152 144 144 24 24 0 0 8 0 0 0 0 0 0 0 0 0 0 0 0 0 0 0 0 0 0 0 0 0 0 0 0 0 0 0 0 0 0 0 0 0 0 0 0 0 0 0 0 0 0 0 0 0 0 0 0 0 0 0 0 0 0 0 0 0 0 0 0 0 0 0 0 0 0 0 0 0 0 0 0 0 0 0 0 0 0 0 0 0 0 0 0 0 0 0 0 0 0 0 0 0 0 0 0 0 0 0 0 0 0 0 0 0 0 0 0 0 0 0 0 0 0 0 0 0 0 0 0 0 0 0 0 0 0 0 0 0 0 0 0 0 0 0 0 0 4 4 4 4 0 0 0 4 4 0 0 4 16 12 0 0 4 
115:/home/lucastercas/.luarocks/share/lua/5.4/pl/types.lua
0 0 0 0 0 0 0 0 0 0 0 0 0 0 0 0 0 0 0 0 0 0 0 0 0 0 0 0 0 0 0 0 0 0 0 0 0 0 0 0 0 0 0 0 0 0 0 0 0 0 0 0 0 0 0 0 0 0 0 0 0 0 0 0 0 0 0 0 0 0 0 0 0 0 0 0 0 0 0 0 0 0 0 0 22 0 0 0 0 0 0 0 0 0 0 0 0 0 8 8 0 0 0 0 0 0 0 0 0 0 0 0 0 14 14 
462:/home/lucastercas/.luarocks/share/lua/5.4/pl/utils.lua
0 0 0 0 0 0 0 0 0 0 0 0 0 0 0 0 0 0 0 0 0 0 0 0 0 0 0 0 0 0 0 0 0 0 0 0 0 0 0 0 0 0 0 0 0 0 0 0 0 0 0 0 0 0 0 0 0 0 0 0 0 0 0 0 0 0 0 0 0 0 0 0 0 0 0 0 0 0 0 0 0 0 0 0 0 0 0 0 0 0 0 0 0 0 0 0 0 0 0 0 0 0 0 0 0 0 0 0 0 0 0 0 0 0 0 0 0 0 0 0 0 0 0 0 0 0 0 0 0 0 0 0 0 0 0 0 0 0 0 0 0 0 0 0 0 0 0 0 0 0 0 0 0 0 0 0 0 0 0 0 0 0 0 0 0 0 0 0 0 0 0 0 0 0 0 0 0 0 0 0 0 0 0 0 0 1164 0 0 1164 0 0 1164 0 0 0 0 0 0 0 0 0 0 0 0 0 8 8 8 0 0 0 0 0 0 0 0 0 0 0 0 0 0 0 0 0 0 0 0 0 0 0 0 0 0 0 0 0 0 0 0 0 0 0 0 0 1148 0 0 0 0 0 0 0 0 0 0 0 0 0 0 0 0 0 0 0 0 0 0 0 0 0 0 0 0 0 0 0 0 0 0 0 0 0 0 0 0 0 0 0 0 0 0 0 0 0 0 0 0 0 0 0 0 0 0 0 0 0 0 0 0 0 0 0 0 0 0 0 0 0 0 0 0 0 0 0 0 0 0 0 0 0 0 0 0 0 0 0 0 0 0 0 0 0 0 0 0 0 0 0 0 0 0 0 0 0 0 0 0 0 0 0 0 0 0 0 0 0 0 0 0 0 0 0 0 0 0 0 0 0 0 0 0 0 0 0 0 0 0 0 0 0 0 0 0 0 0 0 0 0 0 0 0 0 0 0 0 0 0 0 0 0 0 0 0 0 0 0 0 0 0 0 0 0 0 0 0 0 0 0 0 0 0 0 0 0 0 0 0 0 0 0 0 0 0 0 0 0 0 0 0 0 0 0 0 0 0 0 0 0 0 132 132 
48:/home/lucastercas/.luarocks/share/lua/5.4/say/init.lua
0 0 0 0 0 0 0 0 0 0 0 0 0 4 4 0 0 4 0 0 0 0 0 0 0 0 0 76 76 0 0 0 0 54 0 54 0 54 0 0 54 54 0 100 46 54 0 54 
9:/home/lucastercas/.luarocks/share/lua/5.4/sncl/globals.lua
6 6 6 6 6 6 0 0 6 
143:/home/lucastercas/.luarocks/share/lua/5.4/sncl/utils.lua
6 6 0 6 0 6 0 6 0 6 6 6 6 6 6 6 0 6 6 6 6 6 6 6 6 6 6 6 0 6 0 0 0 0 0 0 6 0 6 0 0 0 0 0 0 6 0 6 0 0 0 0 0 0 0 0 0 0 0 0 0 6 0 6 0 0 0 0 6 0 0 6 8 2 0 8 4 0 0 0 4 2 2 0 0 2 0 0 0 14 0 6 4 0 0 0 4 6 0 6 0 0 0 0 0 0 0 0 6 0 6 0 0 0 0 6 0 6 0 0 0 0 0 0 0 0 0 0 0 6 0 6 0 0 0 0 0 0 0 0 6 0 6 
39:/home/lucastercas/.luarocks/share/lua/5.4/term/colors.lua
0 0 0 0 0 0 0 0 0 0 0 0 0 0 0 0 0 0 0 0 0 0 0 0 0 0 0 0 0 0 104 0 0 0 104 0 0 0 52 
84:/usr/share/lua/5.4/luarocks/core/dir.lua
0 0 0 0 0 0 0 1152 1152 1152 0 0 1152 0 0 0 0 0 0 0 0 0 0 0 0 288 288 0 0 864 576 288 288 0 0 0 0 0 0 0 0 576 0 576 576 576 576 576 0 576 0 0 0 0 0 0 0 0 576 576 576 576 576 0 0 2016 1440 0 0 0 0 0 0 1440 1440 0 576 576 576 576 0 576 576 576 
109:/usr/share/lua/5.4/luarocks/core/manif.lua
0 0 0 0 0 0 0 0 0 0 0 0 0 0 0 0 0 0 0 0 0 0 0 0 0 0 0 0 0 0 0 0 288 288 0 0 0 0 0 0 0 0 0 0 0 0 0 0 0 0 0 0 0 0 0 0 0 0 288 0 288 288 288 0 0 0 0 0 0 0 144 288 288 288 288 0 432 144 0 0 0 90 70 0 20 0 20 20 0 20 20 20 0 20 60 40 0 120 80 80 40 20 20 0 20 0 40 20 20 
147:/usr/share/lua/5.4/luarocks/core/path.lua
0 0 0 0 0 0 0 0 0 0 288 0 0 288 0 0 288 288 0 0 0 0 0 0 0 0 0 0 0 0 0 0 0 0 0 0 0 0 0 0 0 0 0 0 70 0 70 70 64 0 6 6 6 0 0 0 0 0 0 0 0 0 70 70 70 0 0 0 0 0 0 0 0 0 0 0 0 0 0 0 0 0 0 0 0 0 0 0 0 0 0 0 0 0 0 0 0 0 0 0 0 0 0 0 0 0 0 0 0 0 0 0 576 0 0 576 576 0 0 0 0 0 0 0 0 0 0 0 144 144 144 0 0 144 144 0 0 432 288 144 0 288 288 0 144 0 144 
327:/usr/share/lua/5.4/luarocks/core/util.lua
0 0 0 0 0 0 0 0 0 0 0 0 0 0 0 0 0 0 0 0 0 0 0 0 0 0 0 0 0 0 0 0 0 0 0 0 0 0 0 0 0 0 0 0 0 0 0 0 0 0 0 0 0 0 0 0 0 0 0 0 0 0 0 0 0 0 0 0 0 0 0 0 0 0 0 0 0 0 0 0 0 0 0 0 0 0 0 0 0 0 0 0 0 0 0 0 0 0 0 0 0 0 0 0 0 0 0 0 0 0 0 0 0 0 0 0 0 0 0 0 0 0 0 0 0 0 0 0 0 0 0 0 0 0 0 0 0 0 0 0 0 0 0 0 0 0 0 0 0 0 0 0 0 0 0 0 0 0 0 0 0 0 0 0 0 0 0 0 0 0 0 0 0 0 0 0 0 0 0 0 0 0 0 0 0 0 0 0 0 0 0 0 0 0 0 0 0 0 0 0 0 0 0 0 0 0 0 0 0 0 0 0 0 0 0 0 0 0 0 0 0 0 0 0 0 0 0 0 0 0 0 0 0 0 0 0 0 0 0 0 20 40 20 20 20 0 0 0 0 0 0 0 0 0 0 0 0 0 0 0 0 0 0 0 0 0 0 0 0 0 0 0 0 0 0 0 0 0 0 0 0 0 0 0 0 20 20 20 0 20 20 0 0 0 0 0 0 0 0 0 0 0 0 0 0 0 0 0 0 0 0 0 0 0 0 0 0 0 0 0 0 20 0 40 40 40 20 
204:/usr/share/lua/5.4/luarocks/core/vers.lua
0 0 0 0 0 0 0 0 0 0 0 0 0 0 0 0 0 0 0 0 0 0 0 0 0 0 0 0 0 0 0 0 0 0 0 0 0 0 0 0 0 0 0 0 0 0 0 0 0 0 0 0 0 0 0 0 0 0 0 0 0 0 0 0 0 0 0 0 0 0 0 0 0 0 0 0 0 0 0 0 0 0 0 0 0 0 0 0 0 24 24 0 24 24 0 0 0 24 24 0 0 68 68 92 0 0 24 24 0 24 24 24 24 0 92 0 68 68 68 0 0 0 0 0 0 0 0 0 0 68 0 24 24 24 0 0 0 0 0 0 0 0 0 0 0 0 0 0 0 0 0 0 0 0 0 0 0 0 0 0 0 0 0 0 0 0 0 0 0 0 0 0 0 0 0 0 0 0 0 0 0 0 0 20 20 20 20 20 0 0 0 0 0 0 0 0 0 0 0 0 0 0 20 20 
219:/usr/share/lua/5.4/luarocks/loader.lua
0 0 0 0 0 0 0 0 0 0 0 0 0 0 0 0 0 0 0 0 0 0 0 0 0 0 0 0 0 0 0 0 0 0 0 0 0 0 0 0 0 0 0 0 0 0 0 0 0 0 0 0 0 0 0 0 0 0 0 0 0 0 0 0 70 0 0 0 0 0 0 70 70 0 0 0 70 0 0 0 0 0 0 0 0 0 0 0 0 0 0 0 0 0 0 0 0 0 0 0 0 216 216 146 146 70 0 0 0 0 0 0 0 74 70 70 70 0 0 70 70 66 0 4 4 4 4 0 0 0 0 0 0 0 0 0 0 0 0 0 0 0 0 0 74 74 0 0 0 74 74 90 82 82 70 70 66 0 0 12 12 12 0 0 0 0 0 0 8 0 8 4 4 4 0 4 0 0 0 0 0 0 0 0 0 0 148 70 0 0 70 74 0 0 0 0 0 0 0 0 0 0 0 0 0 0 0 0 0 0 0 0 0 74 74 4 0 70 70 
35:spec/generation_spec.lua
4 0 8 0 8 8 0 8 0 8 8 4 4 4 4 0 4 4 4 8 8 4 4 4 4 0 4 4 4 8 8 0 8 0 12 
59:spec/grammar_spec.lua
2 0 4 0 4 2 2 2 2 2 2 2 2 0 2 2 2 4 0 4 2 2 2 2 2 2 2 2 0 2 2 2 4 0 4 2 2 2 2 2 2 2 2 2 2 2 2 0 0 0 0 0 0 2 2 2 2 0 6 
5:spec/test_spec.lua
8 8 4 8 12 
267:src/sncl/generation.lua
4 0 0 4 0 4 0 0 0 0 0 0 0 0 0 0 0 0 4 0 4 0 0 0 0 0 0 0 0 0 0 0 0 4 0 4 0 0 0 0 0 0 0 0 0 0 0 0 0 0 0 0 0 0 0 0 0 0 0 0 0 0 0 0 0 0 0 4 0 4 0 0 0 0 0 0 0 0 4 0 4 0 0 4 0 4 0 0 0 0 0 0 0 0 0 0 0 0 0 0 0 0 0 0 0 0 0 0 0 0 0 0 0 0 0 4 0 4 0 0 0 0 0 0 0 0 0 0 0 0 0 0 0 0 0 0 0 0 0 0 0 0 0 0 0 0 0 0 0 0 0 0 0 0 0 0 0 0 4 0 4 0 0 0 0 0 0 0 0 0 0 0 0 0 0 0 0 4 0 4 8 0 0 0 0 8 0 0 0 0 0 0 8 0 8 0 0 8 0 0 8 4 0 8 0 0 8 0 0 8 8 8 0 4 4 0 0 8 0 0 0 0 0 0 0 0 8 0 8 4 0 4 0 0 0 0 0 0 0 0 0 0 0 0 0 0 0 0 0 0 0 4 0 4 0 0 0 0 0 0 0 0 0 0 4 0 4 
105:src/sncl/grammar.lua
2 0 2 2 0 2 0 0 0 2 2 0 2 0 6 6 6 6 6 0 12 62 8 0 74 6 6 6 6 6 6 6 6 6 0 6 6 6 6 6 6 6 18 18 0 6 0 12 12 0 12 12 6 6 6 18 18 6 6 0 6 12 12 12 12 12 12 6 6 0 6 0 6 6 0 6 6 6 0 0 6 6 0 6 6 6 6 6 12 6 0 6 0 0 6 0 6 0 0 0 6 2 0 0 2 
302:src/sncl/parsetree.lua
2 0 0 2 2 2 0 0 2 0 0 0 0 0 0 0 0 12 0 0 0 0 0 0 0 0 0 0 0 0 0 0 0 24 2 0 0 0 0 0 6 4 4 4 4 4 12 2 0 0 0 0 0 0 0 0 0 0 0 0 12 4 4 4 4 4 4 4 4 0 4 0 0 0 4 0 4 0 4 0 12 8 4 12 0 8 0 0 0 0 8 0 0 0 0 0 0 0 0 8 0 0 4 0 0 0 0 4 4 0 4 0 4 24 2 0 0 0 0 0 12 0 0 0 0 0 0 0 24 2 0 0 0 0 0 0 12 0 0 0 0 0 0 0 0 0 0 0 0 0 0 0 0 0 0 0 0 0 0 0 0 0 0 0 0 0 0 0 24 2 0 0 0 0 0 0 12 0 0 0 0 0 0 0 0 0 0 0 0 0 0 0 0 0 0 0 0 0 0 0 0 0 0 0 0 0 0 0 0 24 2 0 0 0 0 0 0 0 0 0 6 0 0 0 0 0 0 0 0 0 0 0 0 0 0 0 0 0 0 0 0 0 0 0 0 0 0 0 0 0 0 0 12 2 0 0 0 0 0 0 6 0 0 0 0 0 0 0 0 12 2 0 0 0 0 0 0 6 0 0 0 0 0 0 0 0 0 0 0 0 0 0 0 0 0 0 0 12 2 0 0 2 
75:src/sncl/resolve.lua
2 0 0 0 0 0 0 0 0 0 0 0 0 2 0 0 0 0 0 0 0 2 0 0 0 0 0 0 0 0 0 0 0 0 0 0 0 2 0 0 0 0 0 2 0 0 0 0 0 0 0 0 0 0 0 0 0 0 0 0 0 0 0 0 0 0 0 0 0 0 0 0 2 0 2 
