40:.////main.moon
121 121 121 0 121 121 0 121 0 121 121 0 121 121 119 119 0 64 119 119 0 302 302 298 27 0 298 186 4 101 126 116 118 119 21 101 113 115 17 2 
258:.////presentation.moon
122 0 0 122 0 0 122 0 0 122 0 0 0 0 0 0 122 0 0 0 0 0 122 0 252 244 244 0 244 0 0 244 0 366 0 0 0 0 0 0 0 0 0 0 0 0 0 0 0 0 0 0 0 0 0 0 0 0 0 0 0 0 0 0 0 122 0 122 244 0 366 0 0 366 366 488 122 122 122 122 0 0 0 0 122 122 122 122 0 122 0 0 122 122 122 122 244 0 122 122 0 0 0 0 244 122 122 122 122 0 244 244 0 0 0 0 0 244 0 122 0 122 122 122 122 122 122 122 122 122 122 122 122 122 122 122 122 0 0 122 0 122 0 0 122 122 122 122 244 0 122 122 0 0 0 0 244 122 122 122 122 0 244 244 0 0 0 0 0 244 0 122 0 122 122 122 122 122 122 122 122 122 122 122 122 122 122 122 122 122 122 0 0 122 0 122 0 0 122 122 122 122 244 0 122 122 0 0 0 0 244 122 122 122 122 0 244 244 0 0 0 0 0 244 0 122 0 122 122 122 122 122 122 122 122 122 122 122 122 122 122 122 122 122 122 122 122 122 122 0 0 122 0 122 122 122 122 122 
31:./grammar.moon
119 119 119 119 119 119 119 119 119 119 119 119 119 119 119 119 120 118 120 119 119 119 119 119 119 119 119 119 45 10 10 
240:./link.moon
121 0 0 121 0 0 121 0 0 121 0 0 121 0 121 242 0 0 0 0 0 0 121 121 121 121 121 0 0 0 0 121 121 121 121 0 121 0 0 121 121 121 121 242 0 0 121 121 121 121 121 0 242 242 0 0 0 0 0 242 0 121 0 0 0 0 121 121 121 121 121 121 121 121 121 121 121 121 121 121 121 121 121 121 121 121 121 121 121 121 121 121 121 121 121 121 121 121 0 0 121 0 121 0 0 121 121 121 121 242 0 0 121 121 121 121 121 0 242 242 0 0 0 0 0 242 0 121 0 0 0 0 121 121 121 121 121 121 121 121 121 121 121 121 121 121 121 121 121 121 121 121 121 121 121 121 121 121 0 0 121 0 121 0 0 121 0 0 0 0 0 121 0 0 0 0 0 121 0 0 121 0 0 0 0 0 0 0 0 0 0 0 0 0 0 0 0 0 0 121 0 121 242 0 0 0 0 0 0 0 0 0 0 0 0 0 121 121 121 121 121 0 0 0 0 121 121 121 121 121 121 121 121 121 0 121 121 121 121 121 
258:./presentation.moon
121 0 0 121 0 0 121 0 0 121 0 0 0 0 0 0 121 0 0 0 0 0 121 0 0 0 0 0 0 0 0 0 0 121 0 0 0 0 0 0 0 0 0 0 0 0 0 0 0 0 0 0 0 0 0 0 0 0 0 0 0 0 0 0 0 121 0 121 242 0 0 0 0 0 0 121 121 121 121 121 0 0 0 0 121 121 121 121 0 121 0 0 121 121 121 121 242 0 0 0 0 0 0 0 121 121 121 121 121 0 242 242 0 0 0 0 0 242 0 121 0 0 0 0 121 121 121 121 121 121 121 121 121 121 121 121 121 0 0 121 0 121 0 0 121 121 121 121 242 0 0 0 0 0 0 0 121 121 121 121 121 0 242 242 0 0 0 0 0 242 0 121 0 0 0 0 121 121 121 121 121 121 121 121 121 121 121 121 121 121 121 0 0 121 0 121 0 0 121 121 121 121 242 0 0 0 0 0 0 0 121 121 121 121 121 0 242 242 0 0 0 0 0 242 0 121 0 0 0 0 121 121 121 121 121 121 121 121 121 121 121 121 121 121 121 121 121 121 121 0 0 121 0 121 121 121 121 121 
163:/usr/share/lua/5.3/busted/block.lua
0 0 0 0 0 0 0 0 0 0 0 0 0 0 0 123 123 0 123 15303 0 15303 15426 0 123 951 951 17118 16167 14352 0 0 1074 0 0 0 0 0 0 123 0 123 2853 0 2853 1902 1902 0 0 0 0 2853 665 0 2853 2853 2188 0 0 665 665 0 0 0 0 0 0 665 0 665 123 0 123 3518 0 3518 1902 1902 0 0 0 0 3518 0 3518 3518 0 0 0 0 0 3518 123 0 123 4181 4181 0 4181 4181 0 0 0 0 0 0 4181 1902 0 0 0 4181 123 0 123 951 123 0 123 664 664 664 0 787 0 123 665 123 0 123 664 123 0 123 545 0 545 545 545 0 0 0 0 545 0 545 542 0 542 0 0 0 0 542 542 0 0 542 542 0 667 0 123 
65:/usr/share/lua/5.3/busted/compatibility.lua
0 0 951 951 951 0 0 2250 2250 2250 0 951 0 0 0 244 244 244 0 0 244 244 244 0 244 244 244 0 0 244 0 0 0 0 0 0 79 0 79 79 0 79 0 0 0 0 0 0 0 0 0 0 0 0 0 0 0 0 0 0 0 0 0 0 79 
124:/usr/share/lua/5.3/busted/context.lua
0 0 0 244 10004 9760 0 244 244 244 244 244 0 0 0 243 9963 9720 0 31827 31584 0 243 0 0 0 0 0 0 0 0 0 0 0 0 0 0 0 0 0 0 0 0 0 0 0 0 0 0 0 0 0 0 0 0 0 0 0 1506 1506 244 1262 0 1262 0 0 1506 1506 0 0 1505 1505 0 0 1505 243 0 1505 0 0 21324 0 0 0 0 0 0 0 0 0 0 0 0 0 0 0 0 0 1506 1506 1506 1506 0 0 788 0 0 0 67121 0 0 0 6258 6258 6258 6258 6258 0 0 6256 6256 6256 6256 6256 
315:/usr/share/lua/5.3/busted/core.lua
0 0 0 0 0 0 0 0 0 0 38 0 0 0 0 0 0 0 0 0 0 0 0 0 0 0 77 77 38 39 0 0 39 0 0 0 115 0 0 0 244 0 0 0 0 0 0 0 0 0 0 0 0 0 0 0 0 0 0 0 0 0 0 0 0 0 0 0 0 1339 1339 0 1339 1339 9340 7711 8001 8001 0 0 1339 1339 0 1339 1339 0 0 0 77 77 77 77 0 77 77 25 25 25 0 0 77 0 0 0 4963 0 0 0 3813 0 0 0 0 0 0 0 1416 0 1566 1566 305 305 305 305 305 305 0 0 1261 1111 1111 1111 1111 1111 0 0 150 0 0 0 0 0 0 38 38 38 38 38 38 0 0 0 0 0 0 0 0 0 0 0 0 0 0 0 0 0 244 0 244 0 244 0 0 6258 6258 6258 0 12516 77 77 77 12591 0 6256 77 0 0 0 77 0 0 0 0 0 0 0 0 0 0 0 77 0 6256 0 6256 6256 0 0 0 3256 3256 3256 1629 1629 1627 1627 1627 1627 0 6512 3256 6512 3256 0 0 0 0 0 0 0 0 0 0 0 0 0 0 0 0 0 0 0 0 0 0 0 0 0 0 0 0 0 0 0 0 0 0 0 1506 0 0 0 0 1506 0 1506 1506 1262 0 0 0 1506 3012 0 1506 1506 0 0 0 0 0 0 1506 1506 1506 1506 1506 1506 1506 1506 1506 1506 1506 1506 0 0 1506 0 1506 675 0 831 0 1506 0 0 0 665 2170 1506 1506 3012 1505 0 664 
31:/usr/share/lua/5.3/busted/environment.lua
0 0 0 0 0 0 0 66251 0 65877 49269 65877 0 0 0 0 0 0 0 0 16982 0 0 0 0 0 0 0 0 0 244 
72:/usr/share/lua/5.3/busted/execute.lua
123 123 123 0 0 0 0 0 0 0 0 0 123 0 0 123 0 0 123 123 0 0 0 0 0 0 0 0 0 0 0 0 0 0 0 0 0 0 123 0 245 123 0 0 0 0 0 123 0 123 0 0 0 0 123 123 123 123 0 122 122 0 122 0 122 0 0 0 245 0 123 123 
127:/usr/share/lua/5.3/busted/init.lua
0 0 0 0 244 244 244 0 243 243 0 0 301 301 301 0 301 301 0 0 951 951 0 951 0 0 0 0 951 0 951 951 951 0 951 0 951 951 951 951 951 0 0 0 0 0 0 951 0 0 951 951 0 0 10 10 10 0 0 10 10 0 0 0 0 0 0 0 0 0 0 0 0 0 0 0 0 0 0 0 0 0 0 0 0 0 0 0 0 0 0 0 0 0 0 0 0 0 0 0 0 0 0 0 0 0 0 0 0 0 0 0 0 0 0 0 0 0 0 0 0 0 0 0 0 0 4019 
50:/usr/share/lua/5.3/busted/languages/en.lua
123 0 123 0 0 123 123 123 123 0 123 123 123 123 0 123 123 123 123 0 123 123 123 123 0 123 0 123 123 0 0 123 123 123 123 123 123 123 123 123 0 123 123 123 123 123 123 0 123 123 
23:/usr/share/lua/5.3/busted/modules/files/lua.lua
123 0 123 0 0 0 0 0 123 0 0 246 123 0 0 0 0 0 0 0 123 0 123 
107:/usr/share/lua/5.3/busted/modules/files/moonscript.lua
123 0 246 123 123 0 123 0 0 0 3596 277 277 277 0 0 3596 123 0 0 4812 4812 5640 5009 3596 0 0 0 0 1216 123 0 0 0 0 3473 123 0 0 0 5430 0 5430 0 5430 2082 2082 2082 2082 0 0 0 5430 1339 0 1339 1339 0 4054 2715 2715 2715 2715 0 0 1339 123 0 123 0 0 1339 1339 0 1339 1339 1339 1339 0 1339 123 0 0 77 77 25 0 0 52 52 0 52 123 0 0 246 123 0 0 246 246 2 0 246 123 0 123 
129:/usr/share/lua/5.3/busted/modules/filter_loader.lua
0 0 0 961 961 0 1922 1922 961 961 0 0 961 123 0 0 0 0 123 0 0 1262 0 0 0 0 1262 123 0 0 961 961 0 0 0 0 961 123 0 0 1262 0 0 0 0 1262 123 0 0 961 0 0 0 0 961 123 0 0 0 0 0 0 0 0 0 0 0 123 0 0 0 123 0 123 0 0 0 0 0 0 123 0 0 0 123 0 0 984 1722 1230 0 0 1107 0 0 0 0 0 0 0 0 123 0 123 0 0 0 0 0 0 0 0 0 0 0 0 0 0 123 123 123 123 0 0 123 123 123 123 123 
34:/usr/share/lua/5.3/busted/modules/output_handler_loader.lua
0 0 0 0 0 0 123 0 123 246 123 0 123 0 0 123 0 246 0 123 0 0 0 123 0 0 0 0 123 0 0 0 123 123 
101:/usr/share/lua/5.3/busted/modules/test_file_loader.lua
123 0 0 123 123 123 123 0 369 246 246 0 0 0 123 0 123 0 123 123 123 0 246 369 369 0 0 0 0 492 369 246 0 0 123 246 0 246 246 0 0 246 0 246 0 0 0 0 0 123 123 123 0 0 123 246 123 0 123 123 0 0 0 492 492 246 0 0 123 0 0 123 0 369 246 0 246 488 244 244 244 244 0 0 244 0 0 0 123 0 0 0 0 0 0 0 123 123 0 123 123 
179:/usr/share/lua/5.3/busted/outputHandlers/base.lua
0 123 123 123 123 123 123 123 123 123 123 123 0 0 0 2883 123 0 0 123 123 0 123 0 0 0 123 123 123 123 123 123 123 123 123 123 246 0 0 965 965 0 1928 1924 0 963 963 0 0 965 123 0 0 0 965 11319 10354 8440 0 0 965 965 0 965 965 965 965 965 965 965 0 965 0 965 123 0 0 122 0 0 0 122 123 0 0 123 123 123 123 0 0 0 0 0 0 0 0 0 0 0 0 0 123 0 0 122 122 122 123 0 0 961 961 123 0 0 961 0 961 876 876 85 10 10 75 0 38 38 37 0 37 37 0 0 886 0 886 886 886 0 0 0 886 0 0 886 0 886 123 0 0 0 0 0 0 123 0 0 38 38 123 0 0 37 37 37 123 0 0 79 4 4 0 0 79 123 0 123 123 
187:/usr/share/lua/5.3/busted/outputHandlers/utfTerminal.lua
123 123 0 123 0 123 0 0 0 123 0 0 0 123 123 0 123 123 123 123 0 0 10 0 10 10 10 10 0 10 0 10 0 0 0 10 123 0 0 79 79 79 0 0 0 0 0 0 79 123 0 0 79 79 41 0 0 79 2 4 4 0 77 77 77 154 77 0 0 79 77 0 0 79 123 0 0 122 122 122 122 0 122 122 122 122 122 0 122 0 122 0 0 0 122 84 38 38 0 0 122 112 10 10 0 0 122 81 41 41 0 0 122 0 122 122 122 122 122 123 0 0 961 961 0 961 10 951 38 913 37 0 0 961 961 0 0 961 123 0 0 123 123 123 0 123 123 0 0 122 122 0 132 10 10 0 0 160 38 38 0 0 163 41 41 0 0 122 123 0 0 4 4 0 4 123 0 123 123 123 123 123 123 123 0 123 123 
208:/usr/share/lua/5.3/busted/runner.lua
0 0 0 0 0 0 0 0 0 0 0 0 0 0 0 0 0 0 0 0 0 0 0 0 0 0 0 0 0 0 0 0 0 0 0 0 0 0 0 0 0 0 0 0 0 0 0 0 0 0 0 0 0 0 0 0 0 0 0 123 0 0 0 0 0 0 123 0 0 0 0 123 0 0 0 0 0 123 123 0 0 123 123 0 0 0 123 123 0 0 0 0 0 123 123 123 0 246 0 0 123 0 246 0 0 123 0 246 41 41 41 123 0 246 38 38 0 0 0 38 38 123 0 0 123 123 123 0 0 246 123 123 123 123 123 123 123 0 0 0 123 123 0 0 0 0 0 0 0 0 0 0 0 0 0 0 0 0 0 123 0 0 0 0 0 0 0 0 246 123 123 123 123 123 123 123 0 0 123 0 123 123 123 246 123 123 123 123 0 0 0 0 0 0 123 123 246 123 123 123 0 0 122 0 122 79 0 43 
42:/usr/share/lua/5.3/busted/status.lua
0 8158 8158 8158 8158 8158 8158 8158 8158 0 8158 0 0 0 7207 7207 11007 7207 7207 7207 0 0 0 7207 0 0 0 7207 0 0 0 951 951 951 0 8158 0 0 14414 7207 9109 7207 
35:/usr/share/lua/5.3/busted/utils.lua
0 0 0 123 123 861 738 738 0 0 123 0 0 0 0 0 0 0 0 0 0 0 0 0 0 0 123 123 123 123 123 615 492 0 123 
243:/usr/share/lua/5.3/luarocks/loader.lua
0 0 0 0 0 0 0 0 0 0 0 0 0 0 0 0 0 0 0 0 0 0 0 0 0 0 0 0 0 0 0 0 0 0 0 0 0 0 0 0 0 0 0 0 0 0 0 0 0 0 0 0 0 0 0 0 0 0 0 0 0 0 0 0 0 0 0 0 0 0 0 0 0 0 0 0 0 0 0 1228 0 0 0 0 0 0 1228 1228 0 0 0 0 0 0 0 0 0 0 0 0 0 0 0 0 0 0 0 0 0 0 0 0 0 0 0 0 0 0 0 0 0 0 0 0 0 0 0 0 0 0 0 0 0 0 0 0 0 0 0 0 0 0 0 0 4912 4912 3684 3684 1228 0 0 0 0 0 0 0 0 0 0 0 0 0 0 0 0 0 0 0 0 0 0 1835 0 0 0 1835 2442 1835 1835 1228 1228 1228 1228 0 0 1228 1228 1228 0 0 0 0 0 0 0 607 0 0 0 0 607 0 0 0 0 0 0 0 0 0 0 3670 1228 0 0 1228 1835 0 0 0 0 0 0 0 0 0 0 0 0 0 0 0 0 0 0 0 0 1835 1835 607 0 1228 1228 
257:/usr/share/lua/5.3/luarocks/path.lua
0 0 0 0 0 0 0 0 0 0 0 0 0 0 0 0 0 0 0 0 0 0 0 0 0 0 0 0 0 0 0 0 0 0 0 0 0 0 0 0 0 0 0 0 0 0 0 0 0 0 0 0 0 0 0 0 0 0 0 0 0 0 0 0 0 0 0 0 0 0 0 0 0 0 0 0 0 0 0 0 0 0 0 0 0 0 0 0 0 0 0 0 0 0 0 0 0 0 0 0 0 0 0 0 0 0 0 0 0 0 0 0 0 0 0 0 0 0 0 0 0 0 0 0 0 0 0 0 0 0 0 0 0 0 0 0 0 0 0 0 0 0 0 0 0 0 0 0 0 0 0 0 0 0 0 0 0 0 0 0 0 0 0 0 0 0 0 0 0 0 0 0 0 0 0 0 0 0 0 0 0 0 0 0 0 0 0 0 0 0 0 0 0 0 0 0 0 0 0 0 0 0 0 0 0 0 0 0 0 0 0 0 0 0 0 0 0 0 0 0 0 0 0 0 0 0 0 0 0 0 0 0 0 0 0 0 0 0 0 1228 0 1228 1228 1228 1228 1228 121 121 0 0 0 0 0 0 1228 1228 1228 
177:/usr/share/lua/5.3/luassert/assert.lua
0 0 0 0 0 0 0 0 0 0 0 31 0 31 0 0 31 31 0 0 31 0 0 0 0 0 970 0 970 0 2357 1387 0 0 970 2357 1387 417 0 0 0 970 970 970 0 963 31 31 20 0 31 31 0 0 932 304 0 628 0 0 0 0 0 0 0 0 0 0 0 0 0 0 0 0 2487 1435 0 0 1052 0 0 0 0 994 0 0 0 0 0 0 0 0 0 0 0 0 0 0 0 0 0 0 0 0 0 0 0 0 0 0 0 0 0 0 0 0 0 0 0 0 0 31 31 93 62 20 20 20 20 0 0 31 0 0 0 0 0 0 0 0 0 0 0 0 0 0 0 0 0 0 0 0 0 0 0 0 0 0 7 7 0 0 0 0 0 0 0 0 952 7 7 0 945 0 0 0 994 
184:/usr/share/lua/5.3/luassert/assertions.lua
0 0 0 0 0 0 0 0 0 0 0 0 0 0 0 0 0 0 963 0 0 963 0 0 0 0 0 0 0 0 0 0 0 0 0 0 0 0 0 0 0 0 0 0 0 0 0 0 0 0 0 0 0 0 0 0 0 0 0 0 0 0 0 0 0 0 0 0 0 0 0 0 0 0 0 0 0 0 0 0 0 0 0 0 0 0 0 0 0 0 0 0 0 0 0 0 0 0 0 0 0 0 0 0 0 0 0 0 0 0 0 0 0 0 0 0 0 0 0 0 0 0 0 610 610 610 610 610 0 610 610 610 610 610 610 0 0 0 0 0 0 0 0 0 18 18 0 0 0 0 0 0 0 342 342 342 342 342 342 335 335 0 286 0 335 335 335 335 335 335 335 335 0 335 334 0 1 0 1 1 1 0 1 1 
188:/usr/share/lua/5.3/luassert/formatters/init.lua
0 0 0 0 0 0 0 0 0 0 0 0 0 0 0 0 0 0 0 0 0 20 20 0 0 0 0 0 0 0 0 0 0 0 0 0 0 0 0 0 0 0 0 0 0 0 0 0 0 0 0 0 20 0 0 20 0 0 20 0 0 20 0 0 20 0 0 20 0 0 0 0 0 0 0 0 0 0 0 0 0 0 0 0 0 0 0 0 0 0 0 0 0 0 0 0 0 0 0 0 0 0 0 0 0 0 0 0 0 0 0 0 0 0 0 20 20 0 0 0 0 0 0 0 0 0 0 0 0 0 0 0 0 0 0 0 0 0 0 0 0 0 0 0 0 0 0 0 0 0 0 0 0 0 0 0 0 0 0 0 0 0 0 0 0 0 0 0 0 0 0 20 0 0 0 20 0 0 20 0 0 20 0 0 20 0 0 20 
10:/usr/share/lua/5.3/luassert/modifiers.lua
0 0 0 0 359 0 0 0 58 58 
92:/usr/share/lua/5.3/luassert/state.lua
0 0 0 0 0 0 0 0 0 0 0 0 0 0 0 0 0 0 0 0 0 0 0 0 0 0 0 0 0 0 0 0 0 0 0 0 0 0 0 0 0 0 0 0 0 0 0 0 0 0 0 0 0 0 0 0 0 0 0 0 0 0 0 0 0 0 0 0 0 0 0 0 0 0 0 0 0 0 0 0 0 0 0 0 0 0 0 0 20 160 160 160 
283:/usr/share/lua/5.3/luassert/util.lua
0 0 2318 2318 0 2318 1342 1342 0 1342 0 0 0 1342 0 0 0 1342 1342 1342 1342 1342 0 0 0 1342 0 0 0 1342 1342 0 3050 1708 1708 0 0 0 1708 1708 0 0 0 0 0 3050 0 0 1708 0 0 1342 1342 0 1342 0 0 0 342 342 1027 685 0 342 0 0 0 0 0 0 0 0 0 0 0 0 0 0 0 0 0 0 0 0 0 0 0 0 0 0 0 0 0 0 0 0 0 0 0 0 0 0 0 0 0 0 0 0 0 0 0 0 0 0 0 0 0 0 0 0 0 0 0 0 0 0 0 0 0 0 0 0 0 0 0 0 0 0 0 0 0 0 0 0 0 0 0 0 0 0 0 0 0 610 610 610 610 610 610 0 0 0 0 610 610 0 610 0 0 0 0 0 1220 610 0 0 610 610 0 0 0 0 0 0 0 0 0 610 610 0 610 0 0 0 0 0 610 0 1220 610 0 0 610 610 610 0 0 0 0 0 0 0 0 0 342 0 0 0 0 0 0 0 0 32 0 0 0 0 0 0 0 0 1001 1001 1001 1001 2002 1001 1001 1001 0 1001 1001 0 0 0 0 0 0 0 0 970 0 0 970 970 970 2357 1387 1387 0 0 1387 1387 0 0 0 0 0 0 1387 1387 1387 0 1387 0 0 0 970 0 0 0 970 
154:/usr/share/lua/5.3/mediator.lua
0 3813 0 0 0 3813 3813 3813 3813 0 0 0 0 0 3813 0 3813 3813 0 0 0 0 0 3074 3074 3074 3074 3074 3074 0 0 3813 3813 0 3813 0 3813 2460 2460 0 1845 0 0 3813 0 3813 3074 0 0 0 0 0 0 0 0 0 0 0 0 3074 0 0 0 0 0 0 0 0 3074 0 0 3074 3074 3074 0 0 0 3074 0 0 16815 3074 0 0 0 0 0 0 0 0 0 0 0 3074 0 0 19811 9562 0 0 9562 0 9562 0 9562 9562 0 0 0 10249 6792 0 3457 0 3074 3074 0 0 0 0 0 0 0 0 0 0 0 0 0 0 0 8776 0 25591 16815 0 0 8776 0 0 0 3813 0 0 0 0 0 0 0 0 0 0 0 4963 
175:/usr/share/lua/5.3/moon/init.lua
121 121 121 0 121 0 121 121 0 121 0 38 121 0 0 121 0 0 0 0 0 0 0 0 0 121 242 0 0 0 0 0 0 0 0 0 0 0 0 0 0 0 0 0 0 0 0 121 121 121 121 0 0 0 0 0 0 0 0 0 0 0 0 0 0 121 0 0 0 0 0 0 0 0 0 0 0 0 0 0 0 0 121 0 0 0 0 0 0 0 0 0 0 0 0 121 0 0 0 0 0 0 0 0 0 0 0 0 0 0 0 121 0 0 0 0 0 0 121 0 0 0 0 0 0 0 121 0 0 0 0 0 0 0 121 0 0 0 0 0 0 0 0 0 0 0 121 0 0 0 0 0 0 0 0 0 0 0 121 121 121 121 121 121 121 121 121 121 121 121 121 121 121 121 121 
109:/usr/share/lua/5.3/moonscript/base.lua
0 0 0 0 0 0 0 0 0 0 0 0 0 0 0 0 0 0 0 0 0 0 0 0 0 0 0 0 0 0 0 0 0 0 0 0 0 0 0 0 0 0 0 0 0 0 0 0 853 0 0 853 0 0 0 853 853 4 0 849 848 0 0 848 0 0 1835 1835 17757 16529 16529 16529 0 0 0 1835 607 607 607 606 2 0 604 0 1228 0 0 853 853 853 852 4 0 848 848 0 1696 848 0 1696 0 0 246 246 0 0 246 246 246 
730:/usr/share/lua/5.3/moonscript/compile.lua
0 0 0 0 0 0 0 0 0 0 0 0 0 0 0 0 0 0 0 0 0 0 0 0 0 0 0 0 0 0 0 152388 152388 0 152388 147030 0 152388 0 279617 279617 78758 200859 10470 0 190389 0 279617 0 0 29218 848 0 29218 848 0 29218 166607 137389 137389 109019 109019 109019 0 0 109019 28370 28370 28370 0 0 0 0 29218 0 0 29218 848 0 29218 848 0 166607 137389 137389 137389 0 0 0 137389 137389 109019 98848 0 109019 109019 51431 51431 0 0 0 109019 28370 28370 0 0 0 0 29218 0 0 0 0 0 0 0 0 0 0 0 0 0 0 0 0 0 0 0 0 0 0 0 51383 51383 0 0 0 0 0 51383 51383 51383 0 0 0 0 0 0 0 0 0 0 226084 141229 141229 57350 0 0 84855 0 0 1612472 197983 159495 0 1091596 893613 893613 197983 0 1414489 0 1612472 225563 0 1386909 0 78758 78758 0 95019 95019 78758 579450 500692 500692 500692 18205 68932 50727 50727 34466 0 16261 16261 16261 0 18205 0 482487 0 0 78758 78758 0 78758 0 0 0 0 0 0 0 276741 0 0 0 0 0 276741 276741 276741 0 0 0 0 0 0 0 0 0 0 0 0 0 0 0 0 0 0 0 0 0 0 0 0 0 0 0 0 0 0 0 0 0 0 0 0 0 0 0 0 0 0 0 0 0 0 0 0 0 0 0 11313 11313 0 6451 0 0 0 0 0 10540 10540 0 0 0 0 0 1460 1460 1460 0 0 0 0 34830 34830 34830 34830 3043 3043 31787 7179 24608 10467 14141 14141 0 34830 0 0 29518 0 29518 29518 64348 34830 0 34830 34830 34830 16699 0 0 18131 18131 0 0 0 18131 18131 18131 18131 0 34830 0 0 0 29518 0 29518 0 0 121 121 0 18369 0 0 18369 0 0 18369 0 34439 34439 34439 0 34439 0 0 34439 34439 0 68869 0 0 68869 68869 38544 38423 0 0 30325 0 121 0 1083 1083 238 0 845 0 0 845 845 238 0 0 607 0 0 5719 5719 5719 11438 11438 5719 5719 0 11438 5719 5719 0 5719 0 0 5719 0 0 0 0 0 0 0 0 0 0 0 0 0 0 0 0 80836 80836 80836 253 0 0 80836 0 0 30385 30385 30385 1710 1710 0 28675 1944 0 26731 26731 26731 0 0 30385 0 0 30385 0 0 0 177989 177989 177989 0 0 0 0 0 0 8710 8710 0 0 20134 20134 0 0 0 0 0 243010 243010 243010 29398 0 213612 0 243010 243010 0 0 0 0 0 0 243010 243010 101464 0 66177 66177 66177 0 0 101464 0 243010 0 0 32575 0 32575 97725 32575 32575 80383 47808 47808 47808 0 32575 65150 32575 0 0 0 80751 0 0 80751 80751 0 80751 80751 73082 0 7669 7669 0 0 0 0 0 0 0 0 0 0 0 0 0 80751 54284 19344 0 54284 0 80751 0 0 31706 0 0 31706 31706 31706 112092 80386 80386 0 31706 31706 31706 0 0 0 0 0 0 0 0 0 0 0 0 0 31234 31234 31234 31234 31234 0 31234 31234 31234 31234 0 31234 30385 30385 60770 30385 0 60770 30385 30385 0 849 0 849 0 0 0 0 0 30385 30385 30385 0 0 0 0 0 0 0 0 0 0 0 0 0 849 849 0 849 0 0 848 848 848 0 848 0 0 0 0 0 0 849 849 849 0 0 0 0 0 0 0 0 0 0 0 0 0 0 0 0 0 849 849 849 0 0 0 0 0 0 0 0 0 0 0 0 0 0 0 0 0 0 0 0 0 0 0 0 0 0 0 0 0 0 0 0 0 0 0 849 0 0 849 849 1698 849 849 849 848 0 0 0 0 0 0 0 0 0 0 0 0 0 0 0 0 848 848 848 
239:/usr/share/lua/5.3/moonscript/compile/statement.lua
0 0 0 0 0 0 0 0 0 0 0 0 0 0 0 0 0 0 0 0 0 5225 5225 5225 0 3765 11295 3765 3765 9331 5566 5566 5566 0 3765 7530 3765 0 0 1460 0 934 934 0 934 2802 934 934 2114 1180 1180 1180 0 934 1868 934 0 0 0 21897 21897 21897 21897 21897 45595 23698 255 0 23698 0 0 21897 21897 8208 0 13689 253 0 41067 13689 13689 29181 15492 15492 15492 0 13689 27378 0 21897 65691 21897 21897 45595 23698 23698 23698 0 21897 43794 21897 0 0 0 19098 9549 9539 0 9559 0 0 0 0 0 7183 7183 0 7183 7183 7183 0 7183 7183 0 1710 1710 1710 1710 1710 0 0 0 0 1710 1710 1710 8893 8893 1710 1710 0 7183 0 0 0 0 0 0 0 0 0 0 0 0 0 0 0 0 0 0 0 0 0 0 0 0 0 0 0 0 0 0 0 0 0 1462 1462 0 1462 1462 1462 0 0 1462 4386 1462 1462 4386 2924 2924 2924 0 1462 2924 1462 4386 1462 1462 2924 1462 1462 1462 0 1462 2924 1462 1462 1462 1462 0 0 0 0 0 0 0 0 0 0 0 0 0 0 0 0 13462 13462 0 0 10087 0 0 0 1825 1825 1825 0 0 1458 
323:/usr/share/lua/5.3/moonscript/compile/value.lua
0 0 0 0 0 0 0 0 0 0 0 0 0 0 0 0 0 0 0 0 3771 3771 3771 0 3771 3771 3771 0 0 0 9071 0 43099 486 0 43099 9071 0 9071 27213 9071 9071 61241 52170 43099 43099 0 0 9071 18142 9071 0 0 0 0 0 0 0 0 0 0 0 0 0 0 0 0 0 0 0 1166 0 0 27736 27736 27736 27736 0 27736 0 0 46810 46810 46810 46810 0 0 0 0 0 0 46810 0 1706 1706 1706 0 0 0 45104 0 54782 54782 32575 22207 2559 19648 18299 1349 1349 0 0 0 0 0 45104 45104 0 0 45104 45104 0 0 45104 0 45104 99886 54782 54782 0 45104 0 45104 0 0 8590 8590 8590 8590 0 8590 8590 19667 11077 11077 11077 11077 0 0 0 0 0 0 11077 365 0 11077 11077 11077 0 8590 0 8590 3771 0 0 8590 8590 121 0 23438 14848 14848 0 8955 365 365 365 0 0 730 365 0 365 0 365 0 365 365 0 365 365 0 365 0 0 365 0 0 365 365 365 365 0 8590 0 8590 8590 8590 0 0 0 0 8590 0 8590 0 0 0 0 0 0 8590 8590 0 0 0 0 0 0 0 0 0 0 0 8590 8590 0 0 0 9615 0 9615 9615 0 26299 25938 25938 240 240 240 0 240 0 25938 25938 19963 0 5975 0 25938 25938 0 361 0 9615 9615 9615 35914 26299 26299 18628 0 26299 0 0 9615 0 0 0 119 0 0 28722 0 0 689 0 0 0 0 0 0 0 0 361 0 0 7786 0 0 2678 0 0 0 0 0 0 0 0 0 66498 66498 0 0 0 66498 0 0 29398 1460 0 29398 
50:/usr/share/lua/5.3/moonscript/data.lua
0 0 0 0 0 0 0 121 242 121 121 0 121 0 0 0 0 0 0 0 0 0 24077 0 0 25783 25783 0 0 25783 0 0 0 81960 0 0 0 0 0 1706 1706 0 0 0 0 0 0 1706 1706 1706 
243:/usr/share/lua/5.3/moonscript/parse.lua
0 0 0 0 0 0 0 0 0 0 0 0 0 0 0 0 0 0 0 0 0 0 0 0 689 689 0 689 0 0 0 0 0 0 0 853 853 853 853 0 853 0 51812 51812 853 853 0 30148 30148 16020 16020 0 14981 853 0 5133 5133 853 853 0 21153 21153 853 853 0 0 0 0 0 0 853 853 0 2924 2924 853 853 0 2924 2924 853 853 853 853 853 0 34120 34120 853 853 0 12795 12795 1706 1706 0 12795 853 1706 189439 18536 0 170903 1706 853 853 853 1706 853 853 853 853 853 853 853 853 853 853 853 853 853 853 853 853 853 853 853 853 853 853 853 853 853 853 853 853 853 853 853 853 853 853 853 853 853 853 853 853 853 853 853 853 853 853 853 853 853 853 853 853 853 853 853 853 853 853 853 853 853 853 853 853 853 853 853 853 853 853 853 853 853 853 853 853 853 853 853 853 853 853 853 853 853 853 853 853 853 853 853 853 853 853 853 0 0 0 853 853 853 0 853 1706 853 1706 0 853 853 0 0 853 4 4 4 0 0 0 0 0 0 0 4 4 4 0 849 853 853 0 0 0 0 0 853 
62:/usr/share/lua/5.3/moonscript/parse/env.lua
0 0 0 0 0 0 0 0 0 0 0 0 0 0 0 0 0 0 0 0 0 0 0 0 0 0 0 0 0 0 0 0 0 0 0 0 0 0 0 0 0 0 0 0 0 0 0 0 0 0 0 0 0 0 0 220267 220267 24077 0 196190 196190 196190 
10:/usr/share/lua/5.3/moonscript/parse/literals.lua
0 0 0 0 0 0 0 0 0 2559 
282:/usr/share/lua/5.3/moonscript/parse/util.lua
0 0 0 0 0 0 0 0 0 0 0 0 0 86119 514579 428460 428460 428460 0 0 0 0 86119 0 0 0 6560 0 0 0 5971 0 0 0 0 0 0 0 0 0 0 0 0 0 0 0 0 0 0 0 0 0 0 0 0 0 0 0 0 0 0 0 0 0 0 0 0 0 0 0 0 0 0 0 0 0 0 0 0 0 0 0 0 0 0 0 0 0 0 0 0 0 0 0 0 0 0 0 181253 181253 0 181253 49474 0 0 0 6824 165975 165975 0 165975 6824 0 0 0 0 0 0 0 0 0 0 0 0 0 0 95908 91461 0 4447 4447 853 0 0 0 0 0 0 0 0 0 7547 0 0 7547 7547 7059 488 488 0 0 0 0 0 0 0 0 0 0 0 0 0 0 0 0 0 20839 13294 0 15092 7547 7547 0 0 0 0 0 0 7545 7545 7545 6815 6815 6815 6815 6815 730 730 730 730 730 730 0 0 0 0 0 0 0 3896 0 0 0 0 3896 0 0 0 0 60563 0 0 0 7677 0 0 0 1706 1706 853 853 0 853 0 1706 0 0 0 5850 5850 0 0 5850 5850 0 0 0 61659 60136 0 1523 1523 0 1523 1523 2 2 0 1521 1521 1521 0 1521 0 0 0 26056 26056 0 0 0 0 0 0 0 0 0 0 0 0 0 1577 0 1577 0 1577 0 1577 1577 1577 1577 1577 
485:/usr/share/lua/5.3/moonscript/transform/class.lua
0 0 0 0 0 0 0 0 0 0 0 0 0 0 0 0 0 0 0 1706 0 0 1706 1706 1706 0 1706 0 1706 1706 1706 0 0 1706 1706 1706 1706 1706 0 0 1706 1706 1706 974 0 0 0 0 0 974 974 974 974 0 974 974 974 974 974 1948 974 0 1948 0 0 0 0 0 0 732 732 732 732 732 0 732 732 732 0 732 732 732 732 0 0 4144 2438 2438 0 1706 0 0 0 3771 3771 3771 7542 3771 3771 3771 3771 3771 7542 3771 3771 3771 0 0 1460 1460 486 0 1460 1460 1460 1460 1460 0 0 1460 1460 0 1706 1460 1460 1460 7300 5840 5840 5840 2069 3771 7542 3771 3771 0 0 0 0 0 0 0 0 3771 0 0 0 0 1460 0 1460 1460 5231 3771 0 3771 3771 3771 3771 1460 1460 0 0 2311 2311 2311 2311 2311 2311 0 2311 2311 2311 0 3771 0 0 0 1460 0 1460 0 0 0 0 0 0 0 0 0 0 0 0 0 0 0 0 0 0 0 0 0 0 0 0 1460 1460 1460 0 0 0 0 0 0 0 0 0 0 0 0 0 1460 0 0 1460 1460 1460 1460 0 0 0 0 0 1460 1460 1460 0 1460 0 2920 0 1460 2920 1460 0 1460 1460 0 1460 0 1460 0 1460 0 1460 1460 974 0 974 1460 1460 1460 1948 974 974 0 974 0 974 974 0 974 974 1948 974 0 974 974 0 974 0 974 0 974 974 0 974 974 974 974 1948 974 974 1948 974 0 974 0 974 974 974 0 974 0 1948 974 0 0 974 974 1948 974 0 0 974 0 0 974 974 974 1948 974 0 974 0 974 0 974 0 974 974 974 974 0 974 974 0 486 0 2920 0 1460 0 1460 0 1460 2920 1460 0 0 1460 0 0 1460 1460 1460 2920 1460 0 1460 0 1460 0 1460 1460 1460 2920 1460 0 1460 0 1460 0 1460 1460 1460 0 1460 0 1460 1460 2920 1460 0 1460 0 1460 0 1460 1460 2920 1460 0 1460 2920 1460 1460 0 2920 0 1460 0 0 1460 1460 0 1460 0 1460 1460 2920 1460 0 1460 1460 2434 974 0 974 0 974 1948 974 0 974 0 974 974 974 974 2434 1460 1460 2920 1460 1095 1095 1095 1095 0 1825 2434 974 974 974 974 974 1948 974 0 974 0 974 974 974 1460 2920 1460 1460 1460 1460 0 1460 1460 1460 0 0 2920 1460 2920 2920 1460 1460 2920 1460 0 1460 0 1460 0 1460 1460 2920 0 1460 
226:/usr/share/lua/5.3/moonscript/transform/destructure.lua
0 0 0 0 0 0 0 0 0 0 0 0 0 0 0 0 2646 2646 2646 0 2646 7938 5292 7938 2646 2646 2646 0 0 2646 0 0 0 0 46442 24545 24545 845 0 0 21897 0 0 0 845 845 0 845 845 0 845 845 3491 2646 2646 2646 0 0 0 0 0 0 0 0 0 0 2646 2646 2646 2646 2646 0 0 2646 2646 0 2646 2646 0 0 0 0 0 0 2646 0 5292 0 5292 2646 2646 5292 2646 0 5292 0 0 0 0 0 0 845 0 0 0 845 845 845 845 845 845 0 845 845 845 480 0 0 365 730 365 0 365 365 0 365 730 0 0 0 3491 2646 2646 2646 2646 2646 0 0 0 2646 0 1690 0 845 0 845 0 845 0 0 0 845 845 845 845 845 1690 845 845 0 0 0 0 0 0 0 0 0 0 0 0 0 0 0 0 0 0 0 0 0 0 0 845 845 0 0 845 0 0 0 0 0 0 0 0 0 0 0 0 0 0 0 0 0 0 0 0 0 0 0 0 0 0 0 0 0 0 0 0 0 0 0 0 0 0 845 
98:/usr/share/lua/5.3/moonscript/transform/names.lua
0 0 0 0 0 0 0 0 0 4991 0 0 0 0 0 4991 4991 4991 0 0 0 0 0 4991 4991 4991 0 0 0 0 0 0 0 0 0 0 33953 33953 0 33953 5719 0 33953 0 0 7514 7514 0 7514 16002 8488 4868 4868 0 4868 0 3620 0 0 7514 0 0 0 0 0 0 0 0 0 0 0 0 0 0 0 0 0 0 0 0 0 0 0 0 0 0 0 6205 6205 6205 0 0 0 0 0 6205 6205 6205 
711:/usr/share/lua/5.3/moonscript/transform/statement.lua
0 0 0 0 0 0 0 0 0 0 0 0 0 0 0 0 0 0 0 0 0 0 0 0 1462 1462 2924 2924 0 0 0 0 0 1462 1462 1462 2924 1462 1462 0 0 0 0 0 0 0 0 0 0 0 0 0 0 0 0 0 0 0 0 0 0 0 0 0 0 0 0 0 0 0 0 0 0 0 0 0 0 0 0 0 0 0 0 0 0 0 0 0 0 0 0 0 1462 1462 0 0 0 5475 1460 0 5475 1460 0 5475 1460 0 24334 18859 0 18859 18859 0 0 0 18859 18859 18859 18859 11438 22876 11438 11438 0 11438 1460 0 11438 7421 4015 0 18859 0 18859 0 0 0 5475 0 0 0 14019 3420 3420 0 0 0 0 0 0 0 0 0 0 0 0 0 0 0 0 0 10599 0 0 0 14565 14565 14565 0 0 849 0 0 9549 9549 9549 1966 1966 0 9549 0 0 9549 3938 3938 3938 0 0 0 0 0 0 0 0 9549 9549 0 0 1460 1460 0 0 0 0 0 0 0 0 0 0 0 0 0 0 0 0 0 0 0 0 0 0 0 0 0 0 0 0 0 1460 1460 0 1460 0 0 22742 22742 22742 22742 22139 22139 22139 22139 7054 7054 7054 0 22139 22139 0 0 0 0 0 0 0 0 0 0 0 0 0 0 0 22139 0 0 0 22139 0 0 22742 22742 22139 22139 22139 0 0 0 22139 0 0 0 0 0 0 0 0 0 0 0 0 0 0 0 0 0 0 0 0 0 0 0 22742 22742 845 0 21897 0 0 0 0 0 0 0 0 0 0 0 0 0 0 0 0 0 0 0 0 0 0 0 0 0 0 0 0 0 0 0 0 0 0 0 0 0 0 0 0 0 0 0 730 730 730 0 0 730 0 0 0 0 0 1460 730 730 730 0 730 0 0 845 845 0 845 845 3491 2646 2646 2646 0 0 2646 0 2646 0 2646 0 2646 0 2646 2646 2646 0 845 0 845 845 0 845 845 845 0 0 845 0 0 845 845 845 0 0 0 0 0 0 0 0 0 0 0 1825 0 0 1825 0 0 0 0 0 0 0 0 0 0 0 0 0 0 0 0 0 0 0 0 0 0 0 0 0 0 0 0 0 0 0 0 0 0 0 0 0 0 0 0 0 0 0 0 0 0 0 0 0 0 0 0 0 0 0 0 0 0 0 0 0 0 0 0 0 0 0 0 0 0 0 0 0 0 0 0 0 0 0 0 0 0 0 0 0 0 0 0 0 0 0 0 0 0 10599 0 0 0 0 0 0 0 0 0 0 0 0 0 0 0 0 0 0 0 0 0 0 0 0 0 0 0 0 10599 10599 3416 3416 5126 1710 1710 1710 0 0 10599 0 0 0 0 0 0 0 0 0 0 0 0 0 0 0 0 0 0 0 0 0 0 0 0 0 0 0 0 0 0 0 0 0 0 0 0 0 0 0 0 0 0 0 0 0 0 0 0 0 0 1462 1462 1462 0 1462 1462 4386 2924 0 0 0 0 0 0 2924 0 2924 0 1462 0 1462 0 0 0 1462 0 0 0 0 0 0 0 0 0 0 0 0 0 0 0 0 0 0 0 0 0 0 0 0 0 0 0 0 0 0 0 0 0 0 0 0 0 0 0 0 0 0 0 0 0 0 0 0 0 0 0 0 0 0 0 0 0 0 0 0 0 0 0 0 0 0 0 0 0 0 0 0 0 0 0 0 0 1462 1462 
107:/usr/share/lua/5.3/moonscript/transform/statements.lua
0 0 0 0 0 0 0 0 0 0 21004 0 0 0 0 0 21004 21004 21004 0 0 0 0 0 21004 21004 21004 0 0 0 0 0 0 0 14565 14565 14565 14565 14565 0 0 14565 0 0 0 14565 0 0 0 14565 14565 0 0 14565 14565 14565 45122 30557 14565 14565 14565 0 14565 0 15992 0 30557 0 14565 14565 0 0 0 46810 46810 0 0 0 9439 9439 0 14565 14565 0 0 0 14565 3416 3416 11149 3576 0 0 3576 0 0 7573 0 0 7573 7573 0 7573 0 0 9439 9439 
48:/usr/share/lua/5.3/moonscript/transform/transformer.lua
0 0 0 0 0 0 0 10992 365 0 10627 10627 10627 10627 0 0 0 0 0 346036 78787 0 267249 0 291536 291536 291536 142128 0 149408 0 291536 267249 0 24287 0 0 0 0 0 346036 62468 0 0 0 0 0 1137 
263:/usr/share/lua/5.3/moonscript/transform/value.lua
0 0 0 0 0 0 0 0 0 0 0 0 0 0 0 0 0 0 0 0 0 0 0 0 0 0 0 0 0 0 0 0 0 0 0 0 0 0 0 0 0 0 0 31142 31142 0 11563 6937 6937 6937 6937 6937 0 9252 4626 0 4626 0 0 4626 4626 4626 0 31142 31142 29561 27736 0 1825 0 0 1581 1581 1581 1581 9738 8157 8157 0 1581 0 0 0 0 0 0 0 0 0 0 0 0 0 0 0 0 0 0 0 0 0 0 0 0 0 0 0 0 0 0 0 0 0 0 0 0 0 0 0 0 0 0 0 0 0 0 0 0 0 0 0 0 0 0 0 8590 8590 8590 17180 10050 8590 8590 8590 8590 0 0 976 0 488 0 0 0 0 0 0 0 0 0 0 0 0 0 0 0 0 0 150840 104030 104030 0 0 0 0 0 0 0 0 0 0 46810 0 0 0 0 0 46810 0 0 0 0 0 0 0 0 0 0 0 0 0 0 0 0 0 0 0 0 0 0 0 0 0 0 0 0 0 0 0 0 0 0 0 0 0 0 0 0 0 0 0 0 0 0 0 0 46810 0 488 488 488 976 488 976 976 0 0 0 0 0 488 488 488 488 488 976 488 488 0 488 0 488 0 488 488 
305:/usr/share/lua/5.3/moonscript/types.lua
0 0 0 0 0 0 0 0 0 0 0 0 0 0 0 0 0 0 0 0 0 0 0 0 0 0 0 999000 999000 0 999000 971093 0 27907 0 0 0 0 0 0 14565 14565 0 0 14565 0 0 0 0 7669 0 0 7669 0 0 0 8710 8710 8710 0 0 0 730 0 0 0 0 0 0 0 0 0 0 0 0 0 0 0 0 0 0 0 0 0 0 0 0 0 0 0 0 0 0 0 0 0 0 0 0 0 0 0 0 0 0 0 0 0 0 0 0 0 0 0 0 0 0 0 0 0 0 0 0 0 0 0 0 0 0 0 0 0 0 0 0 0 0 0 0 0 0 0 0 0 0 0 0 0 0 0 0 0 0 0 0 0 0 0 0 0 0 0 0 0 0 0 0 0 0 0 0 0 0 0 0 0 0 492 492 0 0 0 21176 0 0 21176 0 21176 67912 46736 46736 46736 40404 0 6332 0 46736 3410 0 46736 0 21176 492 0 0 0 0 10087 365 0 10087 10087 0 10087 0 0 1825 1825 0 1825 0 0 27744 13872 0 13872 13872 0 13872 0 0 0 2920 0 0 11194 8274 8274 8274 8274 0 8274 0 0 2920 2920 0 2920 0 0 488 488 0 488 0 0 21878 21878 11928 11928 0 11928 0 21878 21878 0 21878 44730 22852 22852 0 21878 0 0 0 492 492 0 0 0 0 369 369 369 0 29852 24982 4870 0 0 5239 0 23520 23520 0 23520 369 0 369 369 0 0 0 0 13956 
188:/usr/share/lua/5.3/moonscript/util.lua
0 0 0 0 0 0 0 0 0 0 0 0 0 0 0 0 0 0 0 0 0 0 2752476 2752476 477793 477793 454350 0 0 2298126 0 0 0 0 3600 29424 25824 0 3600 0 0 0 67368 0 0 0 36 36 4 0 32 0 0 0 0 0 0 0 0 0 0 0 0 0 0 0 0 0 0 0 0 0 0 0 0 0 0 0 38 38 0 206 38 0 206 206 102 104 99 0 0 99 99 99 0 99 99 267 168 168 0 99 0 99 99 0 5 0 38 38 0 0 0 0 0 0 0 0 0 0 0 0 0 0 0 0 0 0 0 0 0 0 0 0 0 0 0 0 0 0 0 0 0 0 0 0 0 0 0 0 0 0 0 0 0 0 0 0 0 0 0 0 0 0 0 0 0 0 0 0 0 0 0 0 0 0 0 0 0 0 853 853 853 0 0 0 0 853 
565:/usr/share/lua/5.3/pl/List.lua
0 0 0 0 0 0 0 0 0 0 0 0 0 0 0 0 0 0 0 0 123 123 123 123 123 123 123 0 123 123 0 0 123 123 0 123 0 123 0 0 0 0 0 0 0 0 123 0 0 0 123 0 123 0 123 0 123 0 0 0 0 0 0 123 0 0 0 0 0 0 0 0 0 0 0 0 123 0 0 0 0 123 0 0 0 123 0 0 0 0 123 0 0 123 0 123 0 0 0 0 0 123 0 0 0 123 0 0 0 0 0 0 123 0 0 0 123 0 0 0 0 123 0 123 0 0 0 0 0 123 0 0 0 123 0 0 0 0 0 0 0 123 0 0 0 0 123 0 0 0 0 0 0 123 0 0 0 123 0 123 0 0 0 0 0 0 0 0 123 123 0 0 0 0 123 0 123 0 0 0 0 123 0 0 0 0 0 123 0 0 0 0 123 0 0 0 123 0 0 0 0 123 0 123 0 0 0 123 0 0 0 0 0 0 0 123 0 0 0 0 123 0 0 0 0 0 0 0 123 0 0 0 0 0 0 0 0 123 0 123 0 0 0 123 0 0 123 0 123 0 0 0 0 0 0 0 0 0 0 0 123 0 0 0 0 0 0 0 0 0 0 0 0 0 0 0 123 0 0 123 0 123 0 0 0 0 0 0 0 0 123 0 123 0 0 0 0 0 0 0 123 0 0 0 0 0 0 0 0 123 0 0 0 0 0 0 123 0 0 0 0 0 0 123 0 0 0 0 0 123 0 0 0 0 123 0 0 0 0 0 123 0 0 0 0 0 123 0 0 0 0 0 123 0 0 0 123 0 0 0 0 0 0 123 0 0 0 0 0 0 0 123 0 0 0 0 123 0 123 0 0 0 0 123 0 0 0 0 123 0 0 0 0 0 123 0 0 0 0 123 0 0 0 0 0 123 0 0 0 0 0 123 0 123 0 0 0 0 0 0 123 0 0 123 0 0 0 0 0 0 0 0 123 0 123 0 0 0 0 0 0 123 0 0 123 0 0 0 0 0 0 0 0 123 0 123 0 0 0 0 0 0 0 123 0 0 0 0 0 0 0 123 0 0 0 0 0 123 0 123 0 0 0 0 0 0 0 0 0 0 0 123 0 123 0 0 0 0 0 123 0 123 0 0 0 0 0 0 0 0 123 0 0 0 0 0 0 0 0 0 0 123 0 0 123 0 123 0 0 0 0 0 0 0 123 0 0 0 0 0 0 0 0 0 0 0 0 0 0 0 0 0 0 0 0 0 0 0 0 0 0 123 123 0 123 
214:/usr/share/lua/5.3/pl/class.lua
0 0 0 0 0 0 0 0 0 0 0 0 0 0 0 0 0 0 0 0 0 0 0 0 0 0 0 0 0 0 0 0 0 0 0 0 0 0 0 0 0 0 0 0 0 0 0 0 0 0 0 0 0 0 0 0 0 0 0 0 0 0 0 0 0 0 0 0 0 0 0 0 0 0 0 0 0 0 0 0 0 0 0 0 0 0 0 0 0 0 0 0 0 0 0 0 0 0 0 0 0 0 0 0 0 0 0 0 0 0 0 0 0 0 0 0 0 0 0 0 0 0 0 0 123 0 123 123 0 0 0 123 0 0 123 0 0 0 0 0 0 123 0 0 0 123 123 123 123 0 0 123 0 0 0 0 0 0 0 0 0 0 0 0 0 0 0 0 0 0 0 0 0 0 0 0 0 0 123 0 0 0 0 0 0 0 0 123 123 123 123 123 0 123 123 0 0 123 0 0 0 0 0 0 0 0 0 0 0 0 0 0 0 123 
471:/usr/share/lua/5.3/pl/dir.lua
0 0 0 0 0 0 0 123 123 123 123 123 123 123 123 123 123 123 123 123 0 123 0 0 123 123 0 0 123 246 0 0 369 369 123 0 0 0 0 0 0 0 0 0 0 123 0 0 0 123 0 0 0 0 0 0 123 0 0 0 0 0 0 0 0 123 0 0 0 0 0 0 0 0 0 0 0 0 0 0 123 0 0 0 0 0 0 123 0 0 0 0 0 0 0 0 0 0 123 0 0 0 0 0 123 0 0 123 0 123 0 0 0 0 0 0 0 0 0 0 0 0 0 0 123 0 0 0 0 0 0 0 0 0 0 0 0 0 0 0 0 0 0 0 0 0 0 0 0 0 0 0 0 0 0 0 0 0 0 0 0 0 0 0 0 0 0 0 0 0 0 0 0 0 0 0 0 0 0 0 0 0 123 0 0 0 123 0 0 0 0 0 0 0 0 0 0 0 0 0 0 0 0 0 0 0 0 0 0 0 0 0 0 0 0 0 0 0 0 0 0 0 0 0 0 0 0 123 0 0 0 0 0 0 0 123 0 0 0 0 123 0 0 0 0 0 0 123 0 0 0 123 0 0 0 0 0 0 0 0 0 0 0 0 0 0 0 0 123 0 0 0 0 0 0 0 0 0 123 0 0 0 0 0 0 0 0 0 0 0 0 0 0 123 0 0 0 0 0 0 0 0 123 0 0 0 0 0 0 123 0 0 0 0 0 0 0 0 0 0 0 123 0 123 123 0 0 123 0 0 123 123 0 0 0 0 0 0 0 0 0 0 0 0 123 0 0 0 0 0 0 123 0 0 123 0 0 0 0 0 0 0 0 0 0 0 0 0 0 123 0 0 0 0 0 0 0 0 0 0 0 0 0 0 0 0 0 0 0 0 0 0 0 0 0 0 0 0 0 0 0 0 0 0 0 0 0 0 0 0 0 123 0 0 0 0 0 123 123 123 123 0 123 123 0 0 0 0 1230 984 492 492 492 492 492 123 0 0 0 0 369 0 246 123 0 0 0 0 0 0 0 0 123 123 123 0 123 123 615 492 369 369 369 0 0 0 0 123 123 0 123 
274:/usr/share/lua/5.3/pl/path.lua
0 0 0 0 0 0 0 0 0 0 0 0 0 0 0 0 0 0 0 0 0 0 0 0 0 0 0 0 0 0 0 0 0 0 0 0 0 0 0 0 0 0 0 0 0 0 0 0 0 0 0 0 0 0 738 738 0 0 738 0 0 0 0 0 123 123 0 0 0 0 0 0 0 0 0 0 0 0 0 0 0 0 0 0 0 0 0 0 0 0 492 492 0 0 0 0 0 0 0 0 0 0 0 0 0 0 0 0 0 0 0 0 0 0 0 0 104016 0 0 0 0 0 0 0 0 0 0 0 0 0 0 0 0 0 0 0 0 0 0 0 0 0 0 0 0 0 0 0 9419 9419 9419 101556 92137 92137 0 9419 0 0 9419 0 0 0 0 0 0 0 0 0 0 0 0 0 0 0 0 0 0 0 0 0 0 0 0 0 0 0 492 492 492 2460 1968 0 0 1968 1968 0 492 0 0 492 0 0 0 0 0 0 9050 9050 9050 0 0 0 0 0 369 369 369 0 0 0 0 0 492 492 492 0 0 0 0 0 0 0 0 0 0 0 0 0 0 0 0 0 0 0 0 0 0 0 0 0 0 0 0 0 0 0 0 0 0 0 0 0 0 0 0 0 0 0 0 738 738 0 0 738 
820:/usr/share/lua/5.3/pl/tablex.lua
0 0 0 0 0 0 0 0 0 0 0 0 0 0 0 0 0 0 0 0 0 246 246 0 0 0 0 0 0 0 0 0 0 0 0 0 0 0 246 0 0 246 0 0 367 0 0 367 0 0 0 0 0 0 0 0 0 0 0 0 0 0 0 0 0 0 0 0 0 0 0 0 0 0 0 0 0 0 0 0 0 0 0 0 0 0 0 0 0 367 367 31599 31232 0 367 0 0 0 0 0 0 0 0 0 0 0 0 0 0 0 0 0 0 0 0 0 0 0 0 0 0 0 0 0 0 0 0 0 0 0 0 0 0 0 0 0 0 0 0 0 0 0 0 0 0 0 0 0 0 0 0 0 0 0 0 0 0 0 0 0 0 0 0 0 0 0 0 0 0 0 0 0 0 0 0 0 0 0 0 0 0 0 0 0 0 0 0 0 0 0 0 0 0 0 0 0 0 0 0 0 0 0 0 0 0 0 0 0 0 0 0 0 0 0 0 0 0 0 0 0 0 0 0 0 0 0 0 0 0 0 0 0 0 0 0 0 0 0 0 0 0 0 0 0 0 0 0 0 0 0 0 0 0 0 0 0 0 0 0 0 0 0 0 0 0 0 0 0 0 0 0 0 0 0 0 0 0 0 0 0 0 0 0 0 0 0 0 0 0 0 0 0 0 0 0 0 0 0 0 0 0 0 0 0 0 0 0 0 0 0 0 0 0 0 0 0 0 0 0 0 0 0 0 0 0 0 0 0 0 0 0 0 0 0 0 0 0 0 0 0 0 0 0 0 0 0 0 0 0 0 0 0 0 0 0 0 0 0 0 0 0 0 0 0 0 0 0 0 0 0 0 0 0 0 0 0 0 0 0 0 0 0 0 0 0 0 0 0 0 0 0 0 0 0 0 0 0 0 0 0 0 0 0 0 0 0 0 0 0 0 0 0 0 0 0 0 0 0 0 0 0 0 0 0 0 0 0 0 0 0 0 0 0 0 0 0 0 0 0 0 0 0 0 0 0 0 0 0 0 0 0 0 0 0 0 0 0 0 0 0 0 0 0 0 0 0 0 0 0 0 0 0 0 0 0 0 0 0 0 0 0 0 0 0 0 0 0 0 0 0 0 0 0 0 0 0 0 0 0 0 0 0 0 0 0 0 0 0 0 0 0 0 0 0 0 0 0 0 0 0 0 0 0 0 0 0 0 0 0 0 0 0 0 0 0 0 0 0 0 0 0 0 0 0 0 0 0 0 0 0 0 0 0 0 0 0 0 0 0 0 0 0 0 0 0 0 0 0 0 0 0 0 0 0 0 0 0 0 0 0 0 0 0 0 0 0 0 0 0 0 0 0 0 0 0 0 0 0 0 0 0 0 0 0 0 0 0 0 0 0 0 0 0 0 0 0 0 0 0 0 0 0 0 0 0 0 0 0 0 0 0 0 0 0 0 0 0 0 0 0 0 0 0 0 0 0 0 0 0 0 0 0 0 0 0 246 246 246 861 615 615 492 492 0 0 246 0 0 0 0 0 0 0 0 0 0 0 0 0 0 0 0 0 0 0 0 0 0 0 0 0 0 0 0 0 0 0 0 0 0 0 0 0 0 0 0 0 0 0 0 0 0 0 0 0 0 0 0 0 0 0 0 0 0 0 0 0 0 0 0 0 0 0 0 0 0 0 0 0 0 0 0 0 0 0 0 0 0 0 0 0 0 0 0 0 0 0 0 0 0 0 0 0 0 0 0 0 0 0 0 0 0 0 0 0 0 0 0 0 0 0 0 0 0 0 0 0 0 0 0 0 0 0 0 0 0 0 0 0 0 0 0 0 123 123 123 123 0 0 0 123 123 0 0 123 369 246 0 0 123 
83:/usr/share/lua/5.3/pl/types.lua
0 0 0 0 0 0 0 0 0 0 0 0 0 0 0 0 0 0 0 0 0 0 0 0 0 0 0 0 0 0 0 0 0 0 0 0 0 0 0 0 0 0 0 0 0 0 0 0 0 0 0 0 0 0 0 0 0 0 0 0 0 0 0 0 0 0 613 0 0 0 0 0 0 246 246 0 0 0 0 0 0 367 367 
442:/usr/share/lua/5.3/pl/utils.lua
0 0 0 0 0 0 0 0 0 0 0 0 0 0 0 0 0 0 0 0 0 0 0 0 0 0 0 0 0 0 0 0 0 0 0 0 0 0 0 0 0 0 0 0 0 0 0 0 0 0 0 0 0 0 0 0 0 0 0 0 0 0 0 0 0 0 0 0 0 0 0 0 0 0 0 0 0 0 0 0 0 0 0 0 0 0 0 0 0 0 0 0 0 0 0 0 0 0 0 0 0 0 369 369 0 0 0 0 0 0 0 0 0 0 0 0 0 0 0 0 0 0 0 0 0 0 0 0 0 0 0 0 0 0 0 0 0 0 0 0 0 0 0 0 0 0 0 0 0 0 0 0 0 0 0 0 0 0 0 0 0 0 0 0 0 0 0 0 0 0 0 0 0 0 0 0 0 0 0 0 0 0 0 0 0 0 0 0 0 0 0 0 0 0 0 0 0 0 0 0 0 0 0 0 0 0 0 0 0 0 0 0 0 0 0 0 0 0 0 0 0 0 0 0 0 0 0 0 0 0 0 0 0 0 0 0 0 0 0 0 0 0 0 0 0 0 0 0 0 0 0 0 0 0 0 0 0 0 0 0 0 0 0 0 0 0 0 0 0 0 0 0 0 0 0 0 0 0 0 0 0 0 0 0 0 0 0 0 0 0 0 0 0 0 0 0 0 0 0 0 0 0 0 0 0 0 0 0 0 0 0 0 0 0 0 0 0 0 0 0 0 0 0 0 0 0 0 0 0 0 0 0 0 0 0 0 0 0 0 0 0 0 0 0 0 0 0 0 0 0 0 0 0 0 0 0 0 0 0 0 0 0 0 0 246 246 246 0 0 0 0 0 0 0 0 0 0 0 0 0 0 0 0 0 0 0 0 0 0 0 0 0 0 0 0 0 0 0 0 0 0 0 0 0 0 0 0 0 0 0 0 0 0 0 0 0 0 0 0 0 0 0 0 0 0 0 0 22774 0 0 22774 0 0 22774 0 0 0 0 0 0 22282 22282 
48:/usr/share/lua/5.3/say/init.lua
0 0 0 0 0 0 0 0 0 0 0 0 0 123 123 0 0 123 0 0 0 0 0 0 0 0 0 2337 2337 0 0 0 0 2089 0 2089 0 2089 0 0 2089 2089 0 5349 3260 0 0 2089 
39:/usr/share/lua/5.3/term/colors.lua
0 0 0 0 0 0 0 0 0 0 0 0 0 0 0 0 0 0 0 0 0 0 0 0 0 0 0 0 0 0 2994 0 0 0 2994 0 0 0 1497 
28:spec/namespaces_spec.moon
121 121 238 238 174 102 121 179 162 109 84 116 141 82 58 98 51 43 72 42 33 39 32 9 7 6 1 1 
65:spec/presentation_spec.moon
123 0 123 122 0 244 122 244 122 244 122 0 122 244 122 244 122 0 122 244 122 244 122 0 122 244 122 244 122 122 122 122 122 122 0 122 244 122 236 130 122 130 122 122 122 122 122 122 122 122 8 122 122 120 128 128 60 60 60 119 118 59 59 59 59 
